[0.029s] Invoking command in '/home/v120506/rmitbot_v4/lesson10_ws/build/rmitbot_bringup': CMAKE_PREFIX_PATH=${CMAKE_PREFIX_PATH}:/opt/ros/jazzy DEBUGINFOD_URLS=https://debuginfod.ubuntu.com /usr/bin/cmake --build /home/v120506/rmitbot_v4/lesson10_ws/build/rmitbot_bringup -- -j8 -l8
[0.077s] Invoked command in '/home/v120506/rmitbot_v4/lesson10_ws/build/rmitbot_bringup' returned '0': CMAKE_PREFIX_PATH=${CMAKE_PREFIX_PATH}:/opt/ros/jazzy DEBUGINFOD_URLS=https://debuginfod.ubuntu.com /usr/bin/cmake --build /home/v120506/rmitbot_v4/lesson10_ws/build/rmitbot_bringup -- -j8 -l8
[0.090s] Invoking command in '/home/v120506/rmitbot_v4/lesson10_ws/build/rmitbot_bringup': CMAKE_PREFIX_PATH=${CMAKE_PREFIX_PATH}:/opt/ros/jazzy DEBUGINFOD_URLS=https://debuginfod.ubuntu.com /usr/bin/cmake --install /home/v120506/rmitbot_v4/lesson10_ws/build/rmitbot_bringup
[0.101s] -- Install configuration: ""
[0.101s] -- Up-to-date: /home/v120506/rmitbot_v4/lesson10_ws/install/rmitbot_bringup/share/rmitbot_bringup/launch
[0.101s] -- Up-to-date: /home/v120506/rmitbot_v4/lesson10_ws/install/rmitbot_bringup/share/rmitbot_bringup/launch/rmitbot.launch.py
[0.101s] -- Up-to-date: /home/v120506/rmitbot_v4/lesson10_ws/install/rmitbot_bringup/share/ament_index/resource_index/package_run_dependencies/rmitbot_bringup
[0.102s] -- Up-to-date: /home/v120506/rmitbot_v4/lesson10_ws/install/rmitbot_bringup/share/ament_index/resource_index/parent_prefix_path/rmitbot_bringup
[0.102s] -- Up-to-date: /home/v120506/rmitbot_v4/lesson10_ws/install/rmitbot_bringup/share/rmitbot_bringup/environment/ament_prefix_path.sh
[0.102s] -- Up-to-date: /home/v120506/rmitbot_v4/lesson10_ws/install/rmitbot_bringup/share/rmitbot_bringup/environment/ament_prefix_path.dsv
[0.102s] -- Up-to-date: /home/v120506/rmitbot_v4/lesson10_ws/install/rmitbot_bringup/share/rmitbot_bringup/environment/path.sh
[0.103s] -- Up-to-date: /home/v120506/rmitbot_v4/lesson10_ws/install/rmitbot_bringup/share/rmitbot_bringup/environment/path.dsv
[0.103s] -- Up-to-date: /home/v120506/rmitbot_v4/lesson10_ws/install/rmitbot_bringup/share/rmitbot_bringup/local_setup.bash
[0.103s] -- Up-to-date: /home/v120506/rmitbot_v4/lesson10_ws/install/rmitbot_bringup/share/rmitbot_bringup/local_setup.sh
[0.103s] -- Up-to-date: /home/v120506/rmitbot_v4/lesson10_ws/install/rmitbot_bringup/share/rmitbot_bringup/local_setup.zsh
[0.103s] -- Up-to-date: /home/v120506/rmitbot_v4/lesson10_ws/install/rmitbot_bringup/share/rmitbot_bringup/local_setup.dsv
[0.105s] -- Installing: /home/v120506/rmitbot_v4/lesson10_ws/install/rmitbot_bringup/share/rmitbot_bringup/package.dsv
[0.106s] -- Up-to-date: /home/v120506/rmitbot_v4/lesson10_ws/install/rmitbot_bringup/share/ament_index/resource_index/packages/rmitbot_bringup
[0.106s] -- Up-to-date: /home/v120506/rmitbot_v4/lesson10_ws/install/rmitbot_bringup/share/rmitbot_bringup/cmake/rmitbot_bringupConfig.cmake
[0.106s] -- Up-to-date: /home/v120506/rmitbot_v4/lesson10_ws/install/rmitbot_bringup/share/rmitbot_bringup/cmake/rmitbot_bringupConfig-version.cmake
[0.107s] -- Up-to-date: /home/v120506/rmitbot_v4/lesson10_ws/install/rmitbot_bringup/share/rmitbot_bringup/package.xml
[0.107s] Invoked command in '/home/v120506/rmitbot_v4/lesson10_ws/build/rmitbot_bringup' returned '0': CMAKE_PREFIX_PATH=${CMAKE_PREFIX_PATH}:/opt/ros/jazzy DEBUGINFOD_URLS=https://debuginfod.ubuntu.com /usr/bin/cmake --install /home/v120506/rmitbot_v4/lesson10_ws/build/rmitbot_bringup
