[0.019s] Invoking command in '/home/ntmkhoi/lesson10_ws/build/rmitbot_mapping': CMAKE_PREFIX_PATH=${CMAKE_PREFIX_PATH}:/opt/ros/jazzy DEBUGINFOD_URLS=https://debuginfod.ubuntu.com /usr/bin/cmake /home/ntmkhoi/lesson10_ws/src/rmitbot_mapping -DCMAKE_INSTALL_PREFIX=/home/ntmkhoi/lesson10_ws/install/rmitbot_mapping
[0.172s] -- The C compiler identification is GNU 13.3.0
[0.233s] -- The CXX compiler identification is GNU 13.3.0
[0.256s] -- Detecting C compiler ABI info
[0.435s] -- Detecting C compiler ABI info - done
[0.450s] -- Check for working C compiler: /usr/bin/cc - skipped
[0.452s] -- Detecting C compile features
[0.452s] -- Detecting C compile features - done
[0.482s] -- Detecting CXX compiler ABI info
[0.656s] -- Detecting CXX compiler ABI info - done
[0.662s] -- Check for working CXX compiler: /usr/bin/c++ - skipped
[0.662s] -- Detecting CXX compile features
[0.663s] -- Detecting CXX compile features - done
[0.673s] -- Found ament_cmake: 2.5.4 (/opt/ros/jazzy/share/ament_cmake/cmake)
[0.868s] -- Found Python3: /usr/bin/python3 (found version "3.12.3") found components: Interpreter 
[1.139s] -- Configuring done (1.1s)
[1.139s] -- Generating done (0.0s)
[1.141s] -- Build files have been written to: /home/ntmkhoi/lesson10_ws/build/rmitbot_mapping
[1.149s] Invoked command in '/home/ntmkhoi/lesson10_ws/build/rmitbot_mapping' returned '0': CMAKE_PREFIX_PATH=${CMAKE_PREFIX_PATH}:/opt/ros/jazzy DEBUGINFOD_URLS=https://debuginfod.ubuntu.com /usr/bin/cmake /home/ntmkhoi/lesson10_ws/src/rmitbot_mapping -DCMAKE_INSTALL_PREFIX=/home/ntmkhoi/lesson10_ws/install/rmitbot_mapping
[1.149s] Invoking command in '/home/ntmkhoi/lesson10_ws/build/rmitbot_mapping': CMAKE_PREFIX_PATH=${CMAKE_PREFIX_PATH}:/opt/ros/jazzy DEBUGINFOD_URLS=https://debuginfod.ubuntu.com /usr/bin/cmake --build /home/ntmkhoi/lesson10_ws/build/rmitbot_mapping -- -j4 -l4
[1.217s] Invoked command in '/home/ntmkhoi/lesson10_ws/build/rmitbot_mapping' returned '0': CMAKE_PREFIX_PATH=${CMAKE_PREFIX_PATH}:/opt/ros/jazzy DEBUGINFOD_URLS=https://debuginfod.ubuntu.com /usr/bin/cmake --build /home/ntmkhoi/lesson10_ws/build/rmitbot_mapping -- -j4 -l4
[1.222s] Invoking command in '/home/ntmkhoi/lesson10_ws/build/rmitbot_mapping': CMAKE_PREFIX_PATH=${CMAKE_PREFIX_PATH}:/opt/ros/jazzy DEBUGINFOD_URLS=https://debuginfod.ubuntu.com /usr/bin/cmake --install /home/ntmkhoi/lesson10_ws/build/rmitbot_mapping
[1.231s] -- Install configuration: ""
[1.231s] -- Installing: /home/ntmkhoi/lesson10_ws/install/rmitbot_mapping/share/rmitbot_mapping/launch
[1.231s] -- Installing: /home/ntmkhoi/lesson10_ws/install/rmitbot_mapping/share/rmitbot_mapping/launch/rplidar.launch.py
[1.232s] -- Installing: /home/ntmkhoi/lesson10_ws/install/rmitbot_mapping/share/rmitbot_mapping/launch/mapping.launch.py
[1.233s] -- Installing: /home/ntmkhoi/lesson10_ws/install/rmitbot_mapping/share/rmitbot_mapping/config
[1.233s] -- Installing: /home/ntmkhoi/lesson10_ws/install/rmitbot_mapping/share/rmitbot_mapping/config/slam.yaml
[1.234s] -- Installing: /home/ntmkhoi/lesson10_ws/install/rmitbot_mapping/share/ament_index/resource_index/package_run_dependencies/rmitbot_mapping
[1.234s] -- Installing: /home/ntmkhoi/lesson10_ws/install/rmitbot_mapping/share/ament_index/resource_index/parent_prefix_path/rmitbot_mapping
[1.235s] -- Installing: /home/ntmkhoi/lesson10_ws/install/rmitbot_mapping/share/rmitbot_mapping/environment/ament_prefix_path.sh
[1.235s] -- Installing: /home/ntmkhoi/lesson10_ws/install/rmitbot_mapping/share/rmitbot_mapping/environment/ament_prefix_path.dsv
[1.235s] -- Installing: /home/ntmkhoi/lesson10_ws/install/rmitbot_mapping/share/rmitbot_mapping/environment/path.sh
[1.235s] -- Installing: /home/ntmkhoi/lesson10_ws/install/rmitbot_mapping/share/rmitbot_mapping/environment/path.dsv
[1.235s] -- Installing: /home/ntmkhoi/lesson10_ws/install/rmitbot_mapping/share/rmitbot_mapping/local_setup.bash
[1.235s] -- Installing: /home/ntmkhoi/lesson10_ws/install/rmitbot_mapping/share/rmitbot_mapping/local_setup.sh
[1.235s] -- Installing: /home/ntmkhoi/lesson10_ws/install/rmitbot_mapping/share/rmitbot_mapping/local_setup.zsh
[1.236s] -- Installing: /home/ntmkhoi/lesson10_ws/install/rmitbot_mapping/share/rmitbot_mapping/local_setup.dsv
[1.236s] -- Installing: /home/ntmkhoi/lesson10_ws/install/rmitbot_mapping/share/rmitbot_mapping/package.dsv
[1.236s] -- Installing: /home/ntmkhoi/lesson10_ws/install/rmitbot_mapping/share/ament_index/resource_index/packages/rmitbot_mapping
[1.236s] -- Installing: /home/ntmkhoi/lesson10_ws/install/rmitbot_mapping/share/rmitbot_mapping/cmake/rmitbot_mappingConfig.cmake
[1.236s] -- Installing: /home/ntmkhoi/lesson10_ws/install/rmitbot_mapping/share/rmitbot_mapping/cmake/rmitbot_mappingConfig-version.cmake
[1.237s] -- Installing: /home/ntmkhoi/lesson10_ws/install/rmitbot_mapping/share/rmitbot_mapping/package.xml
[1.241s] Invoked command in '/home/ntmkhoi/lesson10_ws/build/rmitbot_mapping' returned '0': CMAKE_PREFIX_PATH=${CMAKE_PREFIX_PATH}:/opt/ros/jazzy DEBUGINFOD_URLS=https://debuginfod.ubuntu.com /usr/bin/cmake --install /home/ntmkhoi/lesson10_ws/build/rmitbot_mapping
