[0.057s] Invoking command in '/home/ntmkhoi/lesson10_ws/build/rmitbot_firmware': CMAKE_PREFIX_PATH=${CMAKE_PREFIX_PATH}:/opt/ros/jazzy DEBUGINFOD_URLS=https://debuginfod.ubuntu.com /usr/bin/cmake /home/ntmkhoi/lesson10_ws/src/rmitbot_firmware -DCMAKE_INSTALL_PREFIX=/home/ntmkhoi/lesson10_ws/install/rmitbot_firmware
[0.444s] -- The C compiler identification is GNU 13.3.0
[0.709s] -- The CXX compiler identification is GNU 13.3.0
[0.760s] -- Detecting C compiler ABI info
[0.944s] -- Detecting C compiler ABI info - done
[0.952s] -- Check for working C compiler: /usr/bin/cc - skipped
[0.956s] -- Detecting C compile features
[0.957s] -- Detecting C compile features - done
[0.974s] -- Detecting CXX compiler ABI info
[1.144s] -- Detecting CXX compiler ABI info - done
[1.152s] -- Check for working CXX compiler: /usr/bin/c++ - skipped
[1.152s] -- Detecting CXX compile features
[1.152s] -- Detecting CXX compile features - done
[1.175s] -- Found ament_cmake: 2.5.4 (/opt/ros/jazzy/share/ament_cmake/cmake)
[1.400s] -- Found Python3: /usr/bin/python3 (found version "3.12.3") found components: Interpreter 
[1.652s] -- Found rclcpp: 28.1.13 (/opt/ros/jazzy/share/rclcpp/cmake)
[1.846s] -- Found rosidl_generator_c: 4.6.6 (/opt/ros/jazzy/share/rosidl_generator_c/cmake)
[1.896s] -- Found rosidl_generator_cpp: 4.6.6 (/opt/ros/jazzy/share/rosidl_generator_cpp/cmake)
[1.977s] -- Using all available rosidl_typesupport_c: rosidl_typesupport_fastrtps_c;rosidl_typesupport_introspection_c
[2.056s] -- Using all available rosidl_typesupport_cpp: rosidl_typesupport_fastrtps_cpp;rosidl_typesupport_introspection_cpp
[2.343s] -- Found rmw_implementation_cmake: 7.3.2 (/opt/ros/jazzy/share/rmw_implementation_cmake/cmake)
[2.357s] -- Found rmw_fastrtps_cpp: 8.4.3 (/opt/ros/jazzy/share/rmw_fastrtps_cpp/cmake)
[2.608s] -- Found OpenSSL: /usr/lib/x86_64-linux-gnu/libcrypto.so (found version "3.0.13")  
[2.638s] -- Found FastRTPS: /opt/ros/jazzy/include (Required is at least version "2.13") 
[2.667s] -- Using RMW implementation 'rmw_fastrtps_cpp' as default
[2.931s] -- Found std_msgs: 5.3.6 (/opt/ros/jazzy/share/std_msgs/cmake)
[2.967s] -- Found hardware_interface: 4.39.2 (/opt/ros/jazzy/share/hardware_interface/cmake)
[3.828s] -- Found PkgConfig: /usr/bin/pkg-config (found version "1.8.1") 
[3.831s] -- Checking for module 'libserial'
[3.846s] --   Found libserial, version 1.0.0
[3.973s] -- Configuring done (3.8s)
[4.056s] -- Generating done (0.1s)
[4.060s] -- Build files have been written to: /home/ntmkhoi/lesson10_ws/build/rmitbot_firmware
[4.071s] Invoked command in '/home/ntmkhoi/lesson10_ws/build/rmitbot_firmware' returned '0': CMAKE_PREFIX_PATH=${CMAKE_PREFIX_PATH}:/opt/ros/jazzy DEBUGINFOD_URLS=https://debuginfod.ubuntu.com /usr/bin/cmake /home/ntmkhoi/lesson10_ws/src/rmitbot_firmware -DCMAKE_INSTALL_PREFIX=/home/ntmkhoi/lesson10_ws/install/rmitbot_firmware
[4.071s] Invoking command in '/home/ntmkhoi/lesson10_ws/build/rmitbot_firmware': CMAKE_PREFIX_PATH=${CMAKE_PREFIX_PATH}:/opt/ros/jazzy DEBUGINFOD_URLS=https://debuginfod.ubuntu.com /usr/bin/cmake --build /home/ntmkhoi/lesson10_ws/build/rmitbot_firmware -- -j4 -l4
[4.137s] [ 50%] [32mBuilding CXX object CMakeFiles/rmitbot_firmware.dir/src/rmitbot_interface.cpp.o[0m
[7.442s] [01m[K/home/ntmkhoi/lesson10_ws/src/rmitbot_firmware/src/rmitbot_interface.cpp:[m[K In member function ‘[01m[Kvirtual rmitbot_firmware::CallbackReturn rmitbot_firmware::RmitbotInterface::[01;32m[Kon_init[m[K(const hardware_interface::HardwareInfo&)[m[K’:
[7.442s] [01m[K/home/ntmkhoi/lesson10_ws/src/rmitbot_firmware/src/rmitbot_interface.cpp:21:71:[m[K [01;35m[Kwarning: [m[K‘[01m[Kvirtual rclcpp_lifecycle::node_interfaces::LifecycleNodeInterface::CallbackReturn hardware_interface::HardwareComponentInterface::[01;32m[Kon_init[m[K(const hardware_interface::HardwareInfo&)[m[K’ is deprecated: Use on_init(const HardwareComponentInterfaceParams & params) instead. [[01;35m[K]8;;https://gcc.gnu.org/onlinedocs/gcc/Warning-Options.html#index-Wdeprecated-declarations-Wdeprecated-declarations]8;;[m[K]
[7.442s]    21 | [01;35m[KmInterface::on_init(hardware_info)[m[K;
[7.442s]       | [01;35m[K~~~~~~~~~~~~~~~~~~~^~~~~~~~~~~~~~~[m[K
[7.442s] 
[7.442s] In file included from [01m[K/opt/ros/jazzy/include/hardware_interface/hardware_interface/system_interface.hpp:18[m[K,
[7.442s]                  from [01m[K/home/ntmkhoi/lesson10_ws/src/rmitbot_firmware/include/rmitbot_firmware/rmitbot_interface.hpp:7[m[K,
[7.442s]                  from [01m[K/home/ntmkhoi/lesson10_ws/src/rmitbot_firmware/src/rmitbot_interface.cpp:1[m[K:
[7.442s] [01m[K/opt/ros/jazzy/include/hardware_interface/hardware_interface/hardware_component_interface.hpp:235:26:[m[K [01;36m[Knote: [m[Kdeclared here
[7.442s]   235 | ual CallbackReturn [01;36m[Kon_init[m[K(const HardwareInfo & hardware_info)
[7.442s]       |                    [01;36m[K^~~~~~~[m[K
[7.442s] 
[9.658s] [100%] [32m[1mLinking CXX shared library librmitbot_firmware.so[0m
[10.145s] [100%] Built target rmitbot_firmware
[10.165s] Invoked command in '/home/ntmkhoi/lesson10_ws/build/rmitbot_firmware' returned '0': CMAKE_PREFIX_PATH=${CMAKE_PREFIX_PATH}:/opt/ros/jazzy DEBUGINFOD_URLS=https://debuginfod.ubuntu.com /usr/bin/cmake --build /home/ntmkhoi/lesson10_ws/build/rmitbot_firmware -- -j4 -l4
[10.168s] Invoking command in '/home/ntmkhoi/lesson10_ws/build/rmitbot_firmware': CMAKE_PREFIX_PATH=${CMAKE_PREFIX_PATH}:/opt/ros/jazzy DEBUGINFOD_URLS=https://debuginfod.ubuntu.com /usr/bin/cmake --install /home/ntmkhoi/lesson10_ws/build/rmitbot_firmware
[10.179s] -- Install configuration: ""
[10.180s] -- Installing: /home/ntmkhoi/lesson10_ws/install/rmitbot_firmware/share/rmitbot_firmware/rmitbot_interface.xml
[10.181s] -- Installing: /home/ntmkhoi/lesson10_ws/install/rmitbot_firmware/lib/librmitbot_firmware.so
[10.182s] -- Set non-toolchain portion of runtime path of "/home/ntmkhoi/lesson10_ws/install/rmitbot_firmware/lib/librmitbot_firmware.so" to ""
[10.183s] -- Installing: /home/ntmkhoi/lesson10_ws/install/rmitbot_firmware/include
[10.183s] -- Installing: /home/ntmkhoi/lesson10_ws/install/rmitbot_firmware/include/rmitbot_firmware
[10.183s] -- Installing: /home/ntmkhoi/lesson10_ws/install/rmitbot_firmware/include/rmitbot_firmware/rmitbot_interface.hpp
[10.183s] -- Installing: /home/ntmkhoi/lesson10_ws/install/rmitbot_firmware/share/rmitbot_firmware/environment/library_path.sh
[10.184s] -- Installing: /home/ntmkhoi/lesson10_ws/install/rmitbot_firmware/share/rmitbot_firmware/environment/library_path.dsv
[10.184s] -- Installing: /home/ntmkhoi/lesson10_ws/install/rmitbot_firmware/share/ament_index/resource_index/package_run_dependencies/rmitbot_firmware
[10.184s] -- Installing: /home/ntmkhoi/lesson10_ws/install/rmitbot_firmware/share/ament_index/resource_index/parent_prefix_path/rmitbot_firmware
[10.184s] -- Installing: /home/ntmkhoi/lesson10_ws/install/rmitbot_firmware/share/rmitbot_firmware/environment/ament_prefix_path.sh
[10.184s] -- Installing: /home/ntmkhoi/lesson10_ws/install/rmitbot_firmware/share/rmitbot_firmware/environment/ament_prefix_path.dsv
[10.184s] -- Installing: /home/ntmkhoi/lesson10_ws/install/rmitbot_firmware/share/rmitbot_firmware/environment/path.sh
[10.185s] -- Installing: /home/ntmkhoi/lesson10_ws/install/rmitbot_firmware/share/rmitbot_firmware/environment/path.dsv
[10.185s] -- Installing: /home/ntmkhoi/lesson10_ws/install/rmitbot_firmware/share/rmitbot_firmware/local_setup.bash
[10.185s] -- Installing: /home/ntmkhoi/lesson10_ws/install/rmitbot_firmware/share/rmitbot_firmware/local_setup.sh
[10.185s] -- Installing: /home/ntmkhoi/lesson10_ws/install/rmitbot_firmware/share/rmitbot_firmware/local_setup.zsh
[10.186s] -- Installing: /home/ntmkhoi/lesson10_ws/install/rmitbot_firmware/share/rmitbot_firmware/local_setup.dsv
[10.186s] -- Installing: /home/ntmkhoi/lesson10_ws/install/rmitbot_firmware/share/rmitbot_firmware/package.dsv
[10.186s] -- Installing: /home/ntmkhoi/lesson10_ws/install/rmitbot_firmware/share/ament_index/resource_index/packages/rmitbot_firmware
[10.186s] -- Installing: /home/ntmkhoi/lesson10_ws/install/rmitbot_firmware/share/ament_index/resource_index/hardware_interface__pluginlib__plugin/rmitbot_firmware
[10.186s] -- Installing: /home/ntmkhoi/lesson10_ws/install/rmitbot_firmware/share/rmitbot_firmware/cmake/ament_cmake_export_include_directories-extras.cmake
[10.186s] -- Installing: /home/ntmkhoi/lesson10_ws/install/rmitbot_firmware/share/rmitbot_firmware/cmake/ament_cmake_export_libraries-extras.cmake
[10.187s] -- Installing: /home/ntmkhoi/lesson10_ws/install/rmitbot_firmware/share/rmitbot_firmware/cmake/ament_cmake_export_dependencies-extras.cmake
[10.187s] -- Installing: /home/ntmkhoi/lesson10_ws/install/rmitbot_firmware/share/rmitbot_firmware/cmake/rmitbot_firmwareConfig.cmake
[10.187s] -- Installing: /home/ntmkhoi/lesson10_ws/install/rmitbot_firmware/share/rmitbot_firmware/cmake/rmitbot_firmwareConfig-version.cmake
[10.187s] -- Installing: /home/ntmkhoi/lesson10_ws/install/rmitbot_firmware/share/rmitbot_firmware/package.xml
[10.190s] Invoked command in '/home/ntmkhoi/lesson10_ws/build/rmitbot_firmware' returned '0': CMAKE_PREFIX_PATH=${CMAKE_PREFIX_PATH}:/opt/ros/jazzy DEBUGINFOD_URLS=https://debuginfod.ubuntu.com /usr/bin/cmake --install /home/ntmkhoi/lesson10_ws/build/rmitbot_firmware
