[0.063s] Invoking command in '/home/v120506/rmitbot_v4/lesson10_ws/build/rmitbot_mapping': CMAKE_PREFIX_PATH=${CMAKE_PREFIX_PATH}:/opt/ros/jazzy DEBUGINFOD_URLS=https://debuginfod.ubuntu.com /usr/bin/cmake --build /home/v120506/rmitbot_v4/lesson10_ws/build/rmitbot_mapping -- -j8 -l8
[0.206s] Invoked command in '/home/v120506/rmitbot_v4/lesson10_ws/build/rmitbot_mapping' returned '0': CMAKE_PREFIX_PATH=${CMAKE_PREFIX_PATH}:/opt/ros/jazzy DEBUGINFOD_URLS=https://debuginfod.ubuntu.com /usr/bin/cmake --build /home/v120506/rmitbot_v4/lesson10_ws/build/rmitbot_mapping -- -j8 -l8
[0.207s] Invoking command in '/home/v120506/rmitbot_v4/lesson10_ws/build/rmitbot_mapping': CMAKE_PREFIX_PATH=${CMAKE_PREFIX_PATH}:/opt/ros/jazzy DEBUGINFOD_URLS=https://debuginfod.ubuntu.com /usr/bin/cmake --install /home/v120506/rmitbot_v4/lesson10_ws/build/rmitbot_mapping
[0.218s] -- Install configuration: ""
[0.218s] -- Up-to-date: /home/v120506/rmitbot_v4/lesson10_ws/install/rmitbot_mapping/share/rmitbot_mapping/launch
[0.219s] -- Up-to-date: /home/v120506/rmitbot_v4/lesson10_ws/install/rmitbot_mapping/share/rmitbot_mapping/launch/rplidar.launch.py
[0.220s] -- Up-to-date: /home/v120506/rmitbot_v4/lesson10_ws/install/rmitbot_mapping/share/rmitbot_mapping/launch/mapping.launch.py
[0.221s] -- Up-to-date: /home/v120506/rmitbot_v4/lesson10_ws/install/rmitbot_mapping/share/rmitbot_mapping/config
[0.221s] -- Up-to-date: /home/v120506/rmitbot_v4/lesson10_ws/install/rmitbot_mapping/share/rmitbot_mapping/config/slam.yaml
[0.221s] -- Up-to-date: /home/v120506/rmitbot_v4/lesson10_ws/install/rmitbot_mapping/share/ament_index/resource_index/package_run_dependencies/rmitbot_mapping
[0.221s] -- Up-to-date: /home/v120506/rmitbot_v4/lesson10_ws/install/rmitbot_mapping/share/ament_index/resource_index/parent_prefix_path/rmitbot_mapping
[0.222s] -- Up-to-date: /home/v120506/rmitbot_v4/lesson10_ws/install/rmitbot_mapping/share/rmitbot_mapping/environment/ament_prefix_path.sh
[0.222s] -- Up-to-date: /home/v120506/rmitbot_v4/lesson10_ws/install/rmitbot_mapping/share/rmitbot_mapping/environment/ament_prefix_path.dsv
[0.222s] -- Up-to-date: /home/v120506/rmitbot_v4/lesson10_ws/install/rmitbot_mapping/share/rmitbot_mapping/environment/path.sh
[0.222s] -- Up-to-date: /home/v120506/rmitbot_v4/lesson10_ws/install/rmitbot_mapping/share/rmitbot_mapping/environment/path.dsv
[0.223s] -- Up-to-date: /home/v120506/rmitbot_v4/lesson10_ws/install/rmitbot_mapping/share/rmitbot_mapping/local_setup.bash
[0.224s] -- Up-to-date: /home/v120506/rmitbot_v4/lesson10_ws/install/rmitbot_mapping/share/rmitbot_mapping/local_setup.sh
[0.224s] -- Up-to-date: /home/v120506/rmitbot_v4/lesson10_ws/install/rmitbot_mapping/share/rmitbot_mapping/local_setup.zsh
[0.224s] -- Up-to-date: /home/v120506/rmitbot_v4/lesson10_ws/install/rmitbot_mapping/share/rmitbot_mapping/local_setup.dsv
[0.224s] -- Installing: /home/v120506/rmitbot_v4/lesson10_ws/install/rmitbot_mapping/share/rmitbot_mapping/package.dsv
[0.224s] -- Up-to-date: /home/v120506/rmitbot_v4/lesson10_ws/install/rmitbot_mapping/share/ament_index/resource_index/packages/rmitbot_mapping
[0.236s] -- Up-to-date: /home/v120506/rmitbot_v4/lesson10_ws/install/rmitbot_mapping/share/rmitbot_mapping/cmake/rmitbot_mappingConfig.cmake
[0.236s] -- Up-to-date: /home/v120506/rmitbot_v4/lesson10_ws/install/rmitbot_mapping/share/rmitbot_mapping/cmake/rmitbot_mappingConfig-version.cmake
[0.236s] -- Up-to-date: /home/v120506/rmitbot_v4/lesson10_ws/install/rmitbot_mapping/share/rmitbot_mapping/package.xml
[0.240s] Invoked command in '/home/v120506/rmitbot_v4/lesson10_ws/build/rmitbot_mapping' returned '0': CMAKE_PREFIX_PATH=${CMAKE_PREFIX_PATH}:/opt/ros/jazzy DEBUGINFOD_URLS=https://debuginfod.ubuntu.com /usr/bin/cmake --install /home/v120506/rmitbot_v4/lesson10_ws/build/rmitbot_mapping
