[0.005s] Invoking command in '/home/ntmkhoi/lesson10_ws/build/rmitbot_localization': CMAKE_PREFIX_PATH=${CMAKE_PREFIX_PATH}:/opt/ros/jazzy DEBUGINFOD_URLS=https://debuginfod.ubuntu.com /usr/bin/cmake /home/ntmkhoi/lesson10_ws/src/rmitbot_localization -DCMAKE_INSTALL_PREFIX=/home/ntmkhoi/lesson10_ws/install/rmitbot_localization
[0.156s] -- The C compiler identification is GNU 13.3.0
[0.270s] -- The CXX compiler identification is GNU 13.3.0
[0.350s] -- Detecting C compiler ABI info
[0.537s] -- Detecting C compiler ABI info - done
[0.548s] -- Check for working C compiler: /usr/bin/cc - skipped
[0.550s] -- Detecting C compile features
[0.550s] -- Detecting C compile features - done
[0.566s] -- Detecting CXX compiler ABI info
[0.812s] -- Detecting CXX compiler ABI info - done
[0.834s] -- Check for working CXX compiler: /usr/bin/c++ - skipped
[0.834s] -- Detecting CXX compile features
[0.834s] -- Detecting CXX compile features - done
[0.835s] -- Found ament_cmake: 2.5.4 (/opt/ros/jazzy/share/ament_cmake/cmake)
[1.094s] -- Found Python3: /usr/bin/python3 (found version "3.12.3") found components: Interpreter 
[1.308s] -- Found nav_msgs: 5.3.6 (/opt/ros/jazzy/share/nav_msgs/cmake)
[1.395s] -- Found rosidl_generator_c: 4.6.6 (/opt/ros/jazzy/share/rosidl_generator_c/cmake)
[1.411s] -- Found rosidl_generator_cpp: 4.6.6 (/opt/ros/jazzy/share/rosidl_generator_cpp/cmake)
[1.434s] -- Using all available rosidl_typesupport_c: rosidl_typesupport_fastrtps_c;rosidl_typesupport_introspection_c
[1.454s] -- Using all available rosidl_typesupport_cpp: rosidl_typesupport_fastrtps_cpp;rosidl_typesupport_introspection_cpp
[1.571s] -- Found sensor_msgs: 5.3.6 (/opt/ros/jazzy/share/sensor_msgs/cmake)
[1.713s] -- Configuring done (1.7s)
[1.717s] -- Generating done (0.0s)
[1.718s] -- Build files have been written to: /home/ntmkhoi/lesson10_ws/build/rmitbot_localization
[1.726s] Invoked command in '/home/ntmkhoi/lesson10_ws/build/rmitbot_localization' returned '0': CMAKE_PREFIX_PATH=${CMAKE_PREFIX_PATH}:/opt/ros/jazzy DEBUGINFOD_URLS=https://debuginfod.ubuntu.com /usr/bin/cmake /home/ntmkhoi/lesson10_ws/src/rmitbot_localization -DCMAKE_INSTALL_PREFIX=/home/ntmkhoi/lesson10_ws/install/rmitbot_localization
[1.726s] Invoking command in '/home/ntmkhoi/lesson10_ws/build/rmitbot_localization': CMAKE_PREFIX_PATH=${CMAKE_PREFIX_PATH}:/opt/ros/jazzy DEBUGINFOD_URLS=https://debuginfod.ubuntu.com /usr/bin/cmake --build /home/ntmkhoi/lesson10_ws/build/rmitbot_localization -- -j4 -l4
[1.797s] Invoked command in '/home/ntmkhoi/lesson10_ws/build/rmitbot_localization' returned '0': CMAKE_PREFIX_PATH=${CMAKE_PREFIX_PATH}:/opt/ros/jazzy DEBUGINFOD_URLS=https://debuginfod.ubuntu.com /usr/bin/cmake --build /home/ntmkhoi/lesson10_ws/build/rmitbot_localization -- -j4 -l4
[1.798s] Invoking command in '/home/ntmkhoi/lesson10_ws/build/rmitbot_localization': CMAKE_PREFIX_PATH=${CMAKE_PREFIX_PATH}:/opt/ros/jazzy DEBUGINFOD_URLS=https://debuginfod.ubuntu.com /usr/bin/cmake --install /home/ntmkhoi/lesson10_ws/build/rmitbot_localization
[1.805s] -- Install configuration: ""
[1.806s] -- Installing: /home/ntmkhoi/lesson10_ws/install/rmitbot_localization/share/rmitbot_localization/launch
[1.806s] -- Installing: /home/ntmkhoi/lesson10_ws/install/rmitbot_localization/share/rmitbot_localization/launch/localization.launch.py
[1.807s] -- Installing: /home/ntmkhoi/lesson10_ws/install/rmitbot_localization/share/rmitbot_localization/config
[1.808s] -- Installing: /home/ntmkhoi/lesson10_ws/install/rmitbot_localization/share/rmitbot_localization/config/ekf.yaml
[1.808s] -- Installing: /home/ntmkhoi/lesson10_ws/install/rmitbot_localization/share/ament_index/resource_index/package_run_dependencies/rmitbot_localization
[1.808s] -- Installing: /home/ntmkhoi/lesson10_ws/install/rmitbot_localization/share/ament_index/resource_index/parent_prefix_path/rmitbot_localization
[1.808s] -- Installing: /home/ntmkhoi/lesson10_ws/install/rmitbot_localization/share/rmitbot_localization/environment/ament_prefix_path.sh
[1.808s] -- Installing: /home/ntmkhoi/lesson10_ws/install/rmitbot_localization/share/rmitbot_localization/environment/ament_prefix_path.dsv
[1.808s] -- Installing: /home/ntmkhoi/lesson10_ws/install/rmitbot_localization/share/rmitbot_localization/environment/path.sh
[1.808s] -- Installing: /home/ntmkhoi/lesson10_ws/install/rmitbot_localization/share/rmitbot_localization/environment/path.dsv
[1.809s] -- Installing: /home/ntmkhoi/lesson10_ws/install/rmitbot_localization/share/rmitbot_localization/local_setup.bash
[1.809s] -- Installing: /home/ntmkhoi/lesson10_ws/install/rmitbot_localization/share/rmitbot_localization/local_setup.sh
[1.809s] -- Installing: /home/ntmkhoi/lesson10_ws/install/rmitbot_localization/share/rmitbot_localization/local_setup.zsh
[1.809s] -- Installing: /home/ntmkhoi/lesson10_ws/install/rmitbot_localization/share/rmitbot_localization/local_setup.dsv
[1.809s] -- Installing: /home/ntmkhoi/lesson10_ws/install/rmitbot_localization/share/rmitbot_localization/package.dsv
[1.809s] -- Installing: /home/ntmkhoi/lesson10_ws/install/rmitbot_localization/share/ament_index/resource_index/packages/rmitbot_localization
[1.809s] -- Installing: /home/ntmkhoi/lesson10_ws/install/rmitbot_localization/share/rmitbot_localization/cmake/rmitbot_localizationConfig.cmake
[1.809s] -- Installing: /home/ntmkhoi/lesson10_ws/install/rmitbot_localization/share/rmitbot_localization/cmake/rmitbot_localizationConfig-version.cmake
[1.809s] -- Installing: /home/ntmkhoi/lesson10_ws/install/rmitbot_localization/share/rmitbot_localization/package.xml
[1.811s] Invoked command in '/home/ntmkhoi/lesson10_ws/build/rmitbot_localization' returned '0': CMAKE_PREFIX_PATH=${CMAKE_PREFIX_PATH}:/opt/ros/jazzy DEBUGINFOD_URLS=https://debuginfod.ubuntu.com /usr/bin/cmake --install /home/ntmkhoi/lesson10_ws/build/rmitbot_localization
