[0.042s] Invoking command in '/home/ntmkhoi/lesson10_ws/build/rmitbot_navigation': CMAKE_PREFIX_PATH=${CMAKE_PREFIX_PATH}:/opt/ros/jazzy DEBUGINFOD_URLS=https://debuginfod.ubuntu.com /usr/bin/cmake /home/ntmkhoi/lesson10_ws/src/rmitbot_navigation -DCMAKE_INSTALL_PREFIX=/home/ntmkhoi/lesson10_ws/install/rmitbot_navigation
[0.165s] -- The C compiler identification is GNU 13.3.0
[0.276s] -- The CXX compiler identification is GNU 13.3.0
[0.322s] -- Detecting C compiler ABI info
[0.496s] -- Detecting C compiler ABI info - done
[0.509s] -- Check for working C compiler: /usr/bin/cc - skipped
[0.509s] -- Detecting C compile features
[0.510s] -- Detecting C compile features - done
[0.542s] -- Detecting CXX compiler ABI info
[0.798s] -- Detecting CXX compiler ABI info - done
[0.806s] -- Check for working CXX compiler: /usr/bin/c++ - skipped
[0.807s] -- Detecting CXX compile features
[0.807s] -- Detecting CXX compile features - done
[0.811s] -- Found ament_cmake: 2.5.4 (/opt/ros/jazzy/share/ament_cmake/cmake)
[1.030s] -- Found Python3: /usr/bin/python3 (found version "3.12.3") found components: Interpreter 
[1.264s] -- Configuring done (1.2s)
[1.266s] -- Generating done (0.0s)
[1.266s] -- Build files have been written to: /home/ntmkhoi/lesson10_ws/build/rmitbot_navigation
[1.272s] Invoked command in '/home/ntmkhoi/lesson10_ws/build/rmitbot_navigation' returned '0': CMAKE_PREFIX_PATH=${CMAKE_PREFIX_PATH}:/opt/ros/jazzy DEBUGINFOD_URLS=https://debuginfod.ubuntu.com /usr/bin/cmake /home/ntmkhoi/lesson10_ws/src/rmitbot_navigation -DCMAKE_INSTALL_PREFIX=/home/ntmkhoi/lesson10_ws/install/rmitbot_navigation
[1.272s] Invoking command in '/home/ntmkhoi/lesson10_ws/build/rmitbot_navigation': CMAKE_PREFIX_PATH=${CMAKE_PREFIX_PATH}:/opt/ros/jazzy DEBUGINFOD_URLS=https://debuginfod.ubuntu.com /usr/bin/cmake --build /home/ntmkhoi/lesson10_ws/build/rmitbot_navigation -- -j4 -l4
[1.329s] Invoked command in '/home/ntmkhoi/lesson10_ws/build/rmitbot_navigation' returned '0': CMAKE_PREFIX_PATH=${CMAKE_PREFIX_PATH}:/opt/ros/jazzy DEBUGINFOD_URLS=https://debuginfod.ubuntu.com /usr/bin/cmake --build /home/ntmkhoi/lesson10_ws/build/rmitbot_navigation -- -j4 -l4
[1.329s] Invoking command in '/home/ntmkhoi/lesson10_ws/build/rmitbot_navigation': CMAKE_PREFIX_PATH=${CMAKE_PREFIX_PATH}:/opt/ros/jazzy DEBUGINFOD_URLS=https://debuginfod.ubuntu.com /usr/bin/cmake --install /home/ntmkhoi/lesson10_ws/build/rmitbot_navigation
[1.344s] -- Install configuration: ""
[1.344s] -- Installing: /home/ntmkhoi/lesson10_ws/install/rmitbot_navigation/share/rmitbot_navigation/launch
[1.345s] -- Installing: /home/ntmkhoi/lesson10_ws/install/rmitbot_navigation/share/rmitbot_navigation/launch/nav.launch.py
[1.345s] -- Installing: /home/ntmkhoi/lesson10_ws/install/rmitbot_navigation/share/rmitbot_navigation/launch/twistmux.launch.py
[1.345s] -- Installing: /home/ntmkhoi/lesson10_ws/install/rmitbot_navigation/share/rmitbot_navigation/config
[1.345s] -- Installing: /home/ntmkhoi/lesson10_ws/install/rmitbot_navigation/share/rmitbot_navigation/config/nav2_params copy.yaml
[1.346s] -- Installing: /home/ntmkhoi/lesson10_ws/install/rmitbot_navigation/share/rmitbot_navigation/config/nav2_params.yaml
[1.346s] -- Installing: /home/ntmkhoi/lesson10_ws/install/rmitbot_navigation/share/rmitbot_navigation/config/twistmux.yaml
[1.347s] -- Installing: /home/ntmkhoi/lesson10_ws/install/rmitbot_navigation/share/ament_index/resource_index/package_run_dependencies/rmitbot_navigation
[1.347s] -- Installing: /home/ntmkhoi/lesson10_ws/install/rmitbot_navigation/share/ament_index/resource_index/parent_prefix_path/rmitbot_navigation
[1.347s] -- Installing: /home/ntmkhoi/lesson10_ws/install/rmitbot_navigation/share/rmitbot_navigation/environment/ament_prefix_path.sh
[1.348s] -- Installing: /home/ntmkhoi/lesson10_ws/install/rmitbot_navigation/share/rmitbot_navigation/environment/ament_prefix_path.dsv
[1.348s] -- Installing: /home/ntmkhoi/lesson10_ws/install/rmitbot_navigation/share/rmitbot_navigation/environment/path.sh
[1.348s] -- Installing: /home/ntmkhoi/lesson10_ws/install/rmitbot_navigation/share/rmitbot_navigation/environment/path.dsv
[1.348s] -- Installing: /home/ntmkhoi/lesson10_ws/install/rmitbot_navigation/share/rmitbot_navigation/local_setup.bash
[1.348s] -- Installing: /home/ntmkhoi/lesson10_ws/install/rmitbot_navigation/share/rmitbot_navigation/local_setup.sh
[1.348s] -- Installing: /home/ntmkhoi/lesson10_ws/install/rmitbot_navigation/share/rmitbot_navigation/local_setup.zsh
[1.349s] -- Installing: /home/ntmkhoi/lesson10_ws/install/rmitbot_navigation/share/rmitbot_navigation/local_setup.dsv
[1.349s] -- Installing: /home/ntmkhoi/lesson10_ws/install/rmitbot_navigation/share/rmitbot_navigation/package.dsv
[1.349s] -- Installing: /home/ntmkhoi/lesson10_ws/install/rmitbot_navigation/share/ament_index/resource_index/packages/rmitbot_navigation
[1.349s] -- Installing: /home/ntmkhoi/lesson10_ws/install/rmitbot_navigation/share/rmitbot_navigation/cmake/rmitbot_navigationConfig.cmake
[1.349s] -- Installing: /home/ntmkhoi/lesson10_ws/install/rmitbot_navigation/share/rmitbot_navigation/cmake/rmitbot_navigationConfig-version.cmake
[1.349s] -- Installing: /home/ntmkhoi/lesson10_ws/install/rmitbot_navigation/share/rmitbot_navigation/package.xml
[1.351s] Invoked command in '/home/ntmkhoi/lesson10_ws/build/rmitbot_navigation' returned '0': CMAKE_PREFIX_PATH=${CMAKE_PREFIX_PATH}:/opt/ros/jazzy DEBUGINFOD_URLS=https://debuginfod.ubuntu.com /usr/bin/cmake --install /home/ntmkhoi/lesson10_ws/build/rmitbot_navigation
