[0.034s] Invoking command in '/home/v120506/rmitbot_v4/lesson10_ws/build/rmitbot_localization': CMAKE_PREFIX_PATH=${CMAKE_PREFIX_PATH}:/opt/ros/jazzy DEBUGINFOD_URLS=https://debuginfod.ubuntu.com /usr/bin/cmake --build /home/v120506/rmitbot_v4/lesson10_ws/build/rmitbot_localization -- -j8 -l8
[0.087s] -- Found ament_cmake: 2.5.4 (/opt/ros/jazzy/share/ament_cmake/cmake)
[0.385s] -- Found nav_msgs: 5.3.6 (/opt/ros/jazzy/share/nav_msgs/cmake)
[0.426s] -- Found rosidl_generator_c: 4.6.6 (/opt/ros/jazzy/share/rosidl_generator_c/cmake)
[0.443s] -- Found rosidl_generator_cpp: 4.6.6 (/opt/ros/jazzy/share/rosidl_generator_cpp/cmake)
[0.459s] -- Using all available rosidl_typesupport_c: rosidl_typesupport_fastrtps_c;rosidl_typesupport_introspection_c
[0.476s] -- Using all available rosidl_typesupport_cpp: rosidl_typesupport_fastrtps_cpp;rosidl_typesupport_introspection_cpp
[0.572s] -- Found sensor_msgs: 5.3.6 (/opt/ros/jazzy/share/sensor_msgs/cmake)
[0.685s] -- Configuring done (0.6s)
[0.695s] -- Generating done (0.0s)
[0.697s] -- Build files have been written to: /home/v120506/rmitbot_v4/lesson10_ws/build/rmitbot_localization
[0.719s] Invoked command in '/home/v120506/rmitbot_v4/lesson10_ws/build/rmitbot_localization' returned '0': CMAKE_PREFIX_PATH=${CMAKE_PREFIX_PATH}:/opt/ros/jazzy DEBUGINFOD_URLS=https://debuginfod.ubuntu.com /usr/bin/cmake --build /home/v120506/rmitbot_v4/lesson10_ws/build/rmitbot_localization -- -j8 -l8
[0.720s] Invoking command in '/home/v120506/rmitbot_v4/lesson10_ws/build/rmitbot_localization': CMAKE_PREFIX_PATH=${CMAKE_PREFIX_PATH}:/opt/ros/jazzy DEBUGINFOD_URLS=https://debuginfod.ubuntu.com /usr/bin/cmake --install /home/v120506/rmitbot_v4/lesson10_ws/build/rmitbot_localization
[0.728s] -- Install configuration: ""
[0.728s] -- Up-to-date: /home/v120506/rmitbot_v4/lesson10_ws/install/rmitbot_localization/share/rmitbot_localization/launch
[0.728s] -- Up-to-date: /home/v120506/rmitbot_v4/lesson10_ws/install/rmitbot_localization/share/rmitbot_localization/launch/localization.launch.py
[0.728s] -- Up-to-date: /home/v120506/rmitbot_v4/lesson10_ws/install/rmitbot_localization/share/rmitbot_localization/config
[0.728s] -- Up-to-date: /home/v120506/rmitbot_v4/lesson10_ws/install/rmitbot_localization/share/rmitbot_localization/config/ekf.yaml
[0.728s] -- Up-to-date: /home/v120506/rmitbot_v4/lesson10_ws/install/rmitbot_localization/share/ament_index/resource_index/package_run_dependencies/rmitbot_localization
[0.728s] -- Up-to-date: /home/v120506/rmitbot_v4/lesson10_ws/install/rmitbot_localization/share/ament_index/resource_index/parent_prefix_path/rmitbot_localization
[0.728s] -- Up-to-date: /home/v120506/rmitbot_v4/lesson10_ws/install/rmitbot_localization/share/rmitbot_localization/environment/ament_prefix_path.sh
[0.728s] -- Up-to-date: /home/v120506/rmitbot_v4/lesson10_ws/install/rmitbot_localization/share/rmitbot_localization/environment/ament_prefix_path.dsv
[0.729s] -- Up-to-date: /home/v120506/rmitbot_v4/lesson10_ws/install/rmitbot_localization/share/rmitbot_localization/environment/path.sh
[0.729s] -- Up-to-date: /home/v120506/rmitbot_v4/lesson10_ws/install/rmitbot_localization/share/rmitbot_localization/environment/path.dsv
[0.729s] -- Up-to-date: /home/v120506/rmitbot_v4/lesson10_ws/install/rmitbot_localization/share/rmitbot_localization/local_setup.bash
[0.729s] -- Up-to-date: /home/v120506/rmitbot_v4/lesson10_ws/install/rmitbot_localization/share/rmitbot_localization/local_setup.sh
[0.729s] -- Up-to-date: /home/v120506/rmitbot_v4/lesson10_ws/install/rmitbot_localization/share/rmitbot_localization/local_setup.zsh
[0.729s] -- Up-to-date: /home/v120506/rmitbot_v4/lesson10_ws/install/rmitbot_localization/share/rmitbot_localization/local_setup.dsv
[0.729s] -- Installing: /home/v120506/rmitbot_v4/lesson10_ws/install/rmitbot_localization/share/rmitbot_localization/package.dsv
[0.729s] -- Up-to-date: /home/v120506/rmitbot_v4/lesson10_ws/install/rmitbot_localization/share/ament_index/resource_index/packages/rmitbot_localization
[0.729s] -- Up-to-date: /home/v120506/rmitbot_v4/lesson10_ws/install/rmitbot_localization/share/rmitbot_localization/cmake/rmitbot_localizationConfig.cmake
[0.729s] -- Up-to-date: /home/v120506/rmitbot_v4/lesson10_ws/install/rmitbot_localization/share/rmitbot_localization/cmake/rmitbot_localizationConfig-version.cmake
[0.729s] -- Up-to-date: /home/v120506/rmitbot_v4/lesson10_ws/install/rmitbot_localization/share/rmitbot_localization/package.xml
[0.731s] Invoked command in '/home/v120506/rmitbot_v4/lesson10_ws/build/rmitbot_localization' returned '0': CMAKE_PREFIX_PATH=${CMAKE_PREFIX_PATH}:/opt/ros/jazzy DEBUGINFOD_URLS=https://debuginfod.ubuntu.com /usr/bin/cmake --install /home/v120506/rmitbot_v4/lesson10_ws/build/rmitbot_localization
