[0.037s] Invoking command in '/home/ntmkhoi/lesson10_ws/build/rmitbot_description': CMAKE_PREFIX_PATH=${CMAKE_PREFIX_PATH}:/opt/ros/jazzy DEBUGINFOD_URLS=https://debuginfod.ubuntu.com /usr/bin/cmake /home/ntmkhoi/lesson10_ws/src/rmitbot_description -DCMAKE_INSTALL_PREFIX=/home/ntmkhoi/lesson10_ws/install/rmitbot_description
[0.440s] -- The C compiler identification is GNU 13.3.0
[0.711s] -- The CXX compiler identification is GNU 13.3.0
[0.754s] -- Detecting C compiler ABI info
[0.973s] -- Detecting C compiler ABI info - done
[0.979s] -- Check for working C compiler: /usr/bin/cc - skipped
[0.979s] -- Detecting C compile features
[0.981s] -- Detecting C compile features - done
[0.989s] -- Detecting CXX compiler ABI info
[1.186s] -- Detecting CXX compiler ABI info - done
[1.210s] -- Check for working CXX compiler: /usr/bin/c++ - skipped
[1.210s] -- Detecting CXX compile features
[1.210s] -- Detecting CXX compile features - done
[1.224s] -- Found ament_cmake: 2.5.4 (/opt/ros/jazzy/share/ament_cmake/cmake)
[1.462s] -- Found Python3: /usr/bin/python3 (found version "3.12.3") found components: Interpreter 
[1.802s] -- Configuring done (1.7s)
[1.806s] -- Generating done (0.0s)
[1.809s] -- Build files have been written to: /home/ntmkhoi/lesson10_ws/build/rmitbot_description
[1.819s] Invoked command in '/home/ntmkhoi/lesson10_ws/build/rmitbot_description' returned '0': CMAKE_PREFIX_PATH=${CMAKE_PREFIX_PATH}:/opt/ros/jazzy DEBUGINFOD_URLS=https://debuginfod.ubuntu.com /usr/bin/cmake /home/ntmkhoi/lesson10_ws/src/rmitbot_description -DCMAKE_INSTALL_PREFIX=/home/ntmkhoi/lesson10_ws/install/rmitbot_description
[1.820s] Invoking command in '/home/ntmkhoi/lesson10_ws/build/rmitbot_description': CMAKE_PREFIX_PATH=${CMAKE_PREFIX_PATH}:/opt/ros/jazzy DEBUGINFOD_URLS=https://debuginfod.ubuntu.com /usr/bin/cmake --build /home/ntmkhoi/lesson10_ws/build/rmitbot_description -- -j4 -l4
[1.998s] Invoked command in '/home/ntmkhoi/lesson10_ws/build/rmitbot_description' returned '0': CMAKE_PREFIX_PATH=${CMAKE_PREFIX_PATH}:/opt/ros/jazzy DEBUGINFOD_URLS=https://debuginfod.ubuntu.com /usr/bin/cmake --build /home/ntmkhoi/lesson10_ws/build/rmitbot_description -- -j4 -l4
[2.000s] Invoking command in '/home/ntmkhoi/lesson10_ws/build/rmitbot_description': CMAKE_PREFIX_PATH=${CMAKE_PREFIX_PATH}:/opt/ros/jazzy DEBUGINFOD_URLS=https://debuginfod.ubuntu.com /usr/bin/cmake --install /home/ntmkhoi/lesson10_ws/build/rmitbot_description
[2.003s] -- Install configuration: ""
[2.003s] -- Installing: /home/ntmkhoi/lesson10_ws/install/rmitbot_description/share/rmitbot_description/meshes
[2.003s] -- Installing: /home/ntmkhoi/lesson10_ws/install/rmitbot_description/share/rmitbot_description/meshes/caster_rear_link.STL
[2.003s] -- Installing: /home/ntmkhoi/lesson10_ws/install/rmitbot_description/share/rmitbot_description/meshes/wheel_right_link.STL
[2.020s] -- Installing: /home/ntmkhoi/lesson10_ws/install/rmitbot_description/share/rmitbot_description/meshes/imu_link.STL
[2.020s] -- Installing: /home/ntmkhoi/lesson10_ws/install/rmitbot_description/share/rmitbot_description/meshes/wheel_left_link.STL
[2.027s] -- Installing: /home/ntmkhoi/lesson10_ws/install/rmitbot_description/share/rmitbot_description/meshes/base_link.STL
[2.121s] -- Installing: /home/ntmkhoi/lesson10_ws/install/rmitbot_description/share/rmitbot_description/meshes/caster_front_link.STL
[2.123s] -- Installing: /home/ntmkhoi/lesson10_ws/install/rmitbot_description/share/rmitbot_description/meshes/laser_link.STL
[2.178s] -- Installing: /home/ntmkhoi/lesson10_ws/install/rmitbot_description/share/rmitbot_description/urdf
[2.179s] -- Installing: /home/ntmkhoi/lesson10_ws/install/rmitbot_description/share/rmitbot_description/urdf/rmitbot_laser.xacro
[2.179s] -- Installing: /home/ntmkhoi/lesson10_ws/install/rmitbot_description/share/rmitbot_description/urdf/rmitbot_gazebo.xacro
[2.180s] -- Installing: /home/ntmkhoi/lesson10_ws/install/rmitbot_description/share/rmitbot_description/urdf/rmitbot.urdf.xacro
[2.181s] -- Installing: /home/ntmkhoi/lesson10_ws/install/rmitbot_description/share/rmitbot_description/urdf/rmitbot_platform.xacro
[2.181s] -- Installing: /home/ntmkhoi/lesson10_ws/install/rmitbot_description/share/rmitbot_description/urdf/rmitbot_imu.xacro
[2.182s] -- Installing: /home/ntmkhoi/lesson10_ws/install/rmitbot_description/share/rmitbot_description/urdf/rmitbot_ros2_control.xacro
[2.182s] -- Installing: /home/ntmkhoi/lesson10_ws/install/rmitbot_description/share/rmitbot_description/launch
[2.183s] -- Installing: /home/ntmkhoi/lesson10_ws/install/rmitbot_description/share/rmitbot_description/launch/display.launch.py
[2.183s] -- Installing: /home/ntmkhoi/lesson10_ws/install/rmitbot_description/share/rmitbot_description/launch/gazebo.launch.py
[2.184s] -- Installing: /home/ntmkhoi/lesson10_ws/install/rmitbot_description/share/rmitbot_description/rviz
[2.184s] -- Installing: /home/ntmkhoi/lesson10_ws/install/rmitbot_description/share/rmitbot_description/rviz/display.rviz
[2.185s] -- Installing: /home/ntmkhoi/lesson10_ws/install/rmitbot_description/share/ament_index/resource_index/package_run_dependencies/rmitbot_description
[2.185s] -- Installing: /home/ntmkhoi/lesson10_ws/install/rmitbot_description/share/ament_index/resource_index/parent_prefix_path/rmitbot_description
[2.185s] -- Installing: /home/ntmkhoi/lesson10_ws/install/rmitbot_description/share/rmitbot_description/environment/ament_prefix_path.sh
[2.185s] -- Installing: /home/ntmkhoi/lesson10_ws/install/rmitbot_description/share/rmitbot_description/environment/ament_prefix_path.dsv
[2.186s] -- Installing: /home/ntmkhoi/lesson10_ws/install/rmitbot_description/share/rmitbot_description/environment/path.sh
[2.186s] -- Installing: /home/ntmkhoi/lesson10_ws/install/rmitbot_description/share/rmitbot_description/environment/path.dsv
[2.188s] -- Installing: /home/ntmkhoi/lesson10_ws/install/rmitbot_description/share/rmitbot_description/local_setup.bash
[2.188s] -- Installing: /home/ntmkhoi/lesson10_ws/install/rmitbot_description/share/rmitbot_description/local_setup.sh
[2.188s] -- Installing: /home/ntmkhoi/lesson10_ws/install/rmitbot_description/share/rmitbot_description/local_setup.zsh
[2.188s] -- Installing: /home/ntmkhoi/lesson10_ws/install/rmitbot_description/share/rmitbot_description/local_setup.dsv
[2.188s] -- Installing: /home/ntmkhoi/lesson10_ws/install/rmitbot_description/share/rmitbot_description/package.dsv
[2.188s] -- Installing: /home/ntmkhoi/lesson10_ws/install/rmitbot_description/share/ament_index/resource_index/packages/rmitbot_description
[2.188s] -- Installing: /home/ntmkhoi/lesson10_ws/install/rmitbot_description/share/rmitbot_description/cmake/rmitbot_descriptionConfig.cmake
[2.188s] -- Installing: /home/ntmkhoi/lesson10_ws/install/rmitbot_description/share/rmitbot_description/cmake/rmitbot_descriptionConfig-version.cmake
[2.188s] -- Installing: /home/ntmkhoi/lesson10_ws/install/rmitbot_description/share/rmitbot_description/package.xml
[2.202s] Invoked command in '/home/ntmkhoi/lesson10_ws/build/rmitbot_description' returned '0': CMAKE_PREFIX_PATH=${CMAKE_PREFIX_PATH}:/opt/ros/jazzy DEBUGINFOD_URLS=https://debuginfod.ubuntu.com /usr/bin/cmake --install /home/ntmkhoi/lesson10_ws/build/rmitbot_description
