[0.056s] Invoking command in '/home/ntmkhoi/lesson10_ws/build/rmitbot_bringup': CMAKE_PREFIX_PATH=${CMAKE_PREFIX_PATH}:/opt/ros/jazzy DEBUGINFOD_URLS=https://debuginfod.ubuntu.com /usr/bin/cmake /home/ntmkhoi/lesson10_ws/src/rmitbot_bringup -DCMAKE_INSTALL_PREFIX=/home/ntmkhoi/lesson10_ws/install/rmitbot_bringup
[0.471s] -- The C compiler identification is GNU 13.3.0
[0.736s] -- The CXX compiler identification is GNU 13.3.0
[0.781s] -- Detecting C compiler ABI info
[0.999s] -- Detecting C compiler ABI info - done
[1.029s] -- Check for working C compiler: /usr/bin/cc - skipped
[1.029s] -- Detecting C compile features
[1.030s] -- Detecting C compile features - done
[1.065s] -- Detecting CXX compiler ABI info
[1.215s] -- Detecting CXX compiler ABI info - done
[1.236s] -- Check for working CXX compiler: /usr/bin/c++ - skipped
[1.236s] -- Detecting CXX compile features
[1.236s] -- Detecting CXX compile features - done
[1.236s] -- Found ament_cmake: 2.5.4 (/opt/ros/jazzy/share/ament_cmake/cmake)
[1.470s] -- Found Python3: /usr/bin/python3 (found version "3.12.3") found components: Interpreter 
[1.756s] -- Configuring done (1.6s)
[1.761s] -- Generating done (0.0s)
[1.785s] -- Build files have been written to: /home/ntmkhoi/lesson10_ws/build/rmitbot_bringup
[1.797s] Invoked command in '/home/ntmkhoi/lesson10_ws/build/rmitbot_bringup' returned '0': CMAKE_PREFIX_PATH=${CMAKE_PREFIX_PATH}:/opt/ros/jazzy DEBUGINFOD_URLS=https://debuginfod.ubuntu.com /usr/bin/cmake /home/ntmkhoi/lesson10_ws/src/rmitbot_bringup -DCMAKE_INSTALL_PREFIX=/home/ntmkhoi/lesson10_ws/install/rmitbot_bringup
[1.798s] Invoking command in '/home/ntmkhoi/lesson10_ws/build/rmitbot_bringup': CMAKE_PREFIX_PATH=${CMAKE_PREFIX_PATH}:/opt/ros/jazzy DEBUGINFOD_URLS=https://debuginfod.ubuntu.com /usr/bin/cmake --build /home/ntmkhoi/lesson10_ws/build/rmitbot_bringup -- -j4 -l4
[1.875s] Invoked command in '/home/ntmkhoi/lesson10_ws/build/rmitbot_bringup' returned '0': CMAKE_PREFIX_PATH=${CMAKE_PREFIX_PATH}:/opt/ros/jazzy DEBUGINFOD_URLS=https://debuginfod.ubuntu.com /usr/bin/cmake --build /home/ntmkhoi/lesson10_ws/build/rmitbot_bringup -- -j4 -l4
[1.907s] Invoking command in '/home/ntmkhoi/lesson10_ws/build/rmitbot_bringup': CMAKE_PREFIX_PATH=${CMAKE_PREFIX_PATH}:/opt/ros/jazzy DEBUGINFOD_URLS=https://debuginfod.ubuntu.com /usr/bin/cmake --install /home/ntmkhoi/lesson10_ws/build/rmitbot_bringup
[1.919s] -- Install configuration: ""
[1.920s] -- Installing: /home/ntmkhoi/lesson10_ws/install/rmitbot_bringup/share/rmitbot_bringup/launch
[1.922s] -- Installing: /home/ntmkhoi/lesson10_ws/install/rmitbot_bringup/share/rmitbot_bringup/launch/rmitbot.launch.py
[1.922s] -- Installing: /home/ntmkhoi/lesson10_ws/install/rmitbot_bringup/share/ament_index/resource_index/package_run_dependencies/rmitbot_bringup
[1.923s] -- Installing: /home/ntmkhoi/lesson10_ws/install/rmitbot_bringup/share/ament_index/resource_index/parent_prefix_path/rmitbot_bringup
[1.923s] -- Installing: /home/ntmkhoi/lesson10_ws/install/rmitbot_bringup/share/rmitbot_bringup/environment/ament_prefix_path.sh
[1.923s] -- Installing: /home/ntmkhoi/lesson10_ws/install/rmitbot_bringup/share/rmitbot_bringup/environment/ament_prefix_path.dsv
[1.923s] -- Installing: /home/ntmkhoi/lesson10_ws/install/rmitbot_bringup/share/rmitbot_bringup/environment/path.sh
[1.923s] -- Installing: /home/ntmkhoi/lesson10_ws/install/rmitbot_bringup/share/rmitbot_bringup/environment/path.dsv
[1.923s] -- Installing: /home/ntmkhoi/lesson10_ws/install/rmitbot_bringup/share/rmitbot_bringup/local_setup.bash
[1.923s] -- Installing: /home/ntmkhoi/lesson10_ws/install/rmitbot_bringup/share/rmitbot_bringup/local_setup.sh
[1.924s] -- Installing: /home/ntmkhoi/lesson10_ws/install/rmitbot_bringup/share/rmitbot_bringup/local_setup.zsh
[1.924s] -- Installing: /home/ntmkhoi/lesson10_ws/install/rmitbot_bringup/share/rmitbot_bringup/local_setup.dsv
[1.924s] -- Installing: /home/ntmkhoi/lesson10_ws/install/rmitbot_bringup/share/rmitbot_bringup/package.dsv
[1.924s] -- Installing: /home/ntmkhoi/lesson10_ws/install/rmitbot_bringup/share/ament_index/resource_index/packages/rmitbot_bringup
[1.924s] -- Installing: /home/ntmkhoi/lesson10_ws/install/rmitbot_bringup/share/rmitbot_bringup/cmake/rmitbot_bringupConfig.cmake
[1.927s] -- Installing: /home/ntmkhoi/lesson10_ws/install/rmitbot_bringup/share/rmitbot_bringup/cmake/rmitbot_bringupConfig-version.cmake
[1.927s] -- Installing: /home/ntmkhoi/lesson10_ws/install/rmitbot_bringup/share/rmitbot_bringup/package.xml
[1.928s] Invoked command in '/home/ntmkhoi/lesson10_ws/build/rmitbot_bringup' returned '0': CMAKE_PREFIX_PATH=${CMAKE_PREFIX_PATH}:/opt/ros/jazzy DEBUGINFOD_URLS=https://debuginfod.ubuntu.com /usr/bin/cmake --install /home/ntmkhoi/lesson10_ws/build/rmitbot_bringup
