[0.465s] DEBUG:colcon:Command line arguments: ['/usr/bin/colcon', 'build']
[0.466s] DEBUG:colcon:Parsed command line arguments: Namespace(log_base=None, log_level=None, verb_name='build', build_base='build', install_base='install', merge_install=False, symlink_install=False, test_result_base=None, continue_on_error=False, executor='parallel', parallel_workers=4, event_handlers=None, ignore_user_meta=False, metas=['./colcon.meta'], base_paths=['.'], packages_ignore=None, packages_ignore_regex=None, paths=None, packages_up_to=None, packages_up_to_regex=None, packages_above=None, packages_above_and_dependencies=None, packages_above_depth=None, packages_select_by_dep=None, packages_skip_by_dep=None, packages_skip_up_to=None, packages_select_build_failed=False, packages_skip_build_finished=False, packages_select_test_failures=False, packages_skip_test_passed=False, packages_select=None, packages_skip=None, packages_select_regex=None, packages_skip_regex=None, packages_start=None, packages_end=None, allow_overriding=[], cmake_args=None, cmake_target=None, cmake_target_skip_unavailable=False, cmake_clean_cache=False, cmake_clean_first=False, cmake_force_configure=False, ament_cmake_args=None, catkin_cmake_args=None, catkin_skip_building_tests=False, verb_parser=<colcon_defaults.argument_parser.defaults.DefaultArgumentsDecorator object at 0x7e13bcf75a60>, verb_extension=<colcon_core.verb.build.BuildVerb object at 0x7e13bd096690>, main=<bound method BuildVerb.main of <colcon_core.verb.build.BuildVerb object at 0x7e13bd096690>>)
[0.584s] Level 1:colcon.colcon_core.package_discovery:discover_packages(colcon_meta) check parameters
[0.584s] Level 1:colcon.colcon_core.package_discovery:discover_packages(recursive) check parameters
[0.584s] Level 1:colcon.colcon_core.package_discovery:discover_packages(ignore) check parameters
[0.584s] Level 1:colcon.colcon_core.package_discovery:discover_packages(path) check parameters
[0.584s] Level 1:colcon.colcon_core.package_discovery:discover_packages(colcon_meta) discover
[0.584s] Level 1:colcon.colcon_core.package_discovery:discover_packages(recursive) discover
[0.584s] INFO:colcon.colcon_core.package_discovery:Crawling recursively for packages in '/home/ntmkhoi/lesson10_ws'
[0.584s] Level 1:colcon.colcon_core.package_identification:_identify(.) by extensions ['ignore', 'ignore_ament_install']
[0.584s] Level 1:colcon.colcon_core.package_identification:_identify(.) by extension 'ignore'
[0.585s] Level 1:colcon.colcon_core.package_identification:_identify(.) by extension 'ignore_ament_install'
[0.585s] Level 1:colcon.colcon_core.package_identification:_identify(.) by extensions ['colcon_pkg']
[0.585s] Level 1:colcon.colcon_core.package_identification:_identify(.) by extension 'colcon_pkg'
[0.585s] Level 1:colcon.colcon_core.package_identification:_identify(.) by extensions ['colcon_meta']
[0.585s] Level 1:colcon.colcon_core.package_identification:_identify(.) by extension 'colcon_meta'
[0.585s] Level 1:colcon.colcon_core.package_identification:_identify(.) by extensions ['ros']
[0.585s] Level 1:colcon.colcon_core.package_identification:_identify(.) by extension 'ros'
[0.603s] Level 1:colcon.colcon_core.package_identification:_identify(.) by extensions ['cmake', 'python']
[0.603s] Level 1:colcon.colcon_core.package_identification:_identify(.) by extension 'cmake'
[0.603s] Level 1:colcon.colcon_core.package_identification:_identify(.) by extension 'python'
[0.604s] Level 1:colcon.colcon_core.package_identification:_identify(.) by extensions ['python_setup_py']
[0.604s] Level 1:colcon.colcon_core.package_identification:_identify(.) by extension 'python_setup_py'
[0.604s] Level 1:colcon.colcon_core.package_identification:_identify(build) by extensions ['ignore', 'ignore_ament_install']
[0.604s] Level 1:colcon.colcon_core.package_identification:_identify(build) by extension 'ignore'
[0.604s] Level 1:colcon.colcon_core.package_identification:_identify(build) ignored
[0.604s] Level 1:colcon.colcon_core.package_identification:_identify(install) by extensions ['ignore', 'ignore_ament_install']
[0.604s] Level 1:colcon.colcon_core.package_identification:_identify(install) by extension 'ignore'
[0.604s] Level 1:colcon.colcon_core.package_identification:_identify(install) ignored
[0.604s] Level 1:colcon.colcon_core.package_identification:_identify(log) by extensions ['ignore', 'ignore_ament_install']
[0.604s] Level 1:colcon.colcon_core.package_identification:_identify(log) by extension 'ignore'
[0.604s] Level 1:colcon.colcon_core.package_identification:_identify(log) ignored
[0.606s] Level 1:colcon.colcon_core.package_identification:_identify(src) by extensions ['ignore', 'ignore_ament_install']
[0.606s] Level 1:colcon.colcon_core.package_identification:_identify(src) by extension 'ignore'
[0.606s] Level 1:colcon.colcon_core.package_identification:_identify(src) by extension 'ignore_ament_install'
[0.606s] Level 1:colcon.colcon_core.package_identification:_identify(src) by extensions ['colcon_pkg']
[0.606s] Level 1:colcon.colcon_core.package_identification:_identify(src) by extension 'colcon_pkg'
[0.606s] Level 1:colcon.colcon_core.package_identification:_identify(src) by extensions ['colcon_meta']
[0.606s] Level 1:colcon.colcon_core.package_identification:_identify(src) by extension 'colcon_meta'
[0.606s] Level 1:colcon.colcon_core.package_identification:_identify(src) by extensions ['ros']
[0.606s] Level 1:colcon.colcon_core.package_identification:_identify(src) by extension 'ros'
[0.606s] Level 1:colcon.colcon_core.package_identification:_identify(src) by extensions ['cmake', 'python']
[0.606s] Level 1:colcon.colcon_core.package_identification:_identify(src) by extension 'cmake'
[0.606s] Level 1:colcon.colcon_core.package_identification:_identify(src) by extension 'python'
[0.606s] Level 1:colcon.colcon_core.package_identification:_identify(src) by extensions ['python_setup_py']
[0.606s] Level 1:colcon.colcon_core.package_identification:_identify(src) by extension 'python_setup_py'
[0.607s] Level 1:colcon.colcon_core.package_identification:_identify(src/rmitbot_bringup) by extensions ['ignore', 'ignore_ament_install']
[0.607s] Level 1:colcon.colcon_core.package_identification:_identify(src/rmitbot_bringup) by extension 'ignore'
[0.608s] Level 1:colcon.colcon_core.package_identification:_identify(src/rmitbot_bringup) by extension 'ignore_ament_install'
[0.608s] Level 1:colcon.colcon_core.package_identification:_identify(src/rmitbot_bringup) by extensions ['colcon_pkg']
[0.608s] Level 1:colcon.colcon_core.package_identification:_identify(src/rmitbot_bringup) by extension 'colcon_pkg'
[0.608s] Level 1:colcon.colcon_core.package_identification:_identify(src/rmitbot_bringup) by extensions ['colcon_meta']
[0.608s] Level 1:colcon.colcon_core.package_identification:_identify(src/rmitbot_bringup) by extension 'colcon_meta'
[0.608s] Level 1:colcon.colcon_core.package_identification:_identify(src/rmitbot_bringup) by extensions ['ros']
[0.608s] Level 1:colcon.colcon_core.package_identification:_identify(src/rmitbot_bringup) by extension 'ros'
[0.613s] DEBUG:colcon.colcon_core.package_identification:Package 'src/rmitbot_bringup' with type 'ros.ament_cmake' and name 'rmitbot_bringup'
[0.614s] Level 1:colcon.colcon_core.package_identification:_identify(src/rmitbot_controller) by extensions ['ignore', 'ignore_ament_install']
[0.614s] Level 1:colcon.colcon_core.package_identification:_identify(src/rmitbot_controller) by extension 'ignore'
[0.614s] Level 1:colcon.colcon_core.package_identification:_identify(src/rmitbot_controller) by extension 'ignore_ament_install'
[0.614s] Level 1:colcon.colcon_core.package_identification:_identify(src/rmitbot_controller) by extensions ['colcon_pkg']
[0.614s] Level 1:colcon.colcon_core.package_identification:_identify(src/rmitbot_controller) by extension 'colcon_pkg'
[0.614s] Level 1:colcon.colcon_core.package_identification:_identify(src/rmitbot_controller) by extensions ['colcon_meta']
[0.614s] Level 1:colcon.colcon_core.package_identification:_identify(src/rmitbot_controller) by extension 'colcon_meta'
[0.614s] Level 1:colcon.colcon_core.package_identification:_identify(src/rmitbot_controller) by extensions ['ros']
[0.614s] Level 1:colcon.colcon_core.package_identification:_identify(src/rmitbot_controller) by extension 'ros'
[0.616s] DEBUG:colcon.colcon_core.package_identification:Package 'src/rmitbot_controller' with type 'ros.ament_cmake' and name 'rmitbot_controller'
[0.617s] Level 1:colcon.colcon_core.package_identification:_identify(src/rmitbot_description) by extensions ['ignore', 'ignore_ament_install']
[0.617s] Level 1:colcon.colcon_core.package_identification:_identify(src/rmitbot_description) by extension 'ignore'
[0.617s] Level 1:colcon.colcon_core.package_identification:_identify(src/rmitbot_description) by extension 'ignore_ament_install'
[0.617s] Level 1:colcon.colcon_core.package_identification:_identify(src/rmitbot_description) by extensions ['colcon_pkg']
[0.617s] Level 1:colcon.colcon_core.package_identification:_identify(src/rmitbot_description) by extension 'colcon_pkg'
[0.617s] Level 1:colcon.colcon_core.package_identification:_identify(src/rmitbot_description) by extensions ['colcon_meta']
[0.617s] Level 1:colcon.colcon_core.package_identification:_identify(src/rmitbot_description) by extension 'colcon_meta'
[0.617s] Level 1:colcon.colcon_core.package_identification:_identify(src/rmitbot_description) by extensions ['ros']
[0.617s] Level 1:colcon.colcon_core.package_identification:_identify(src/rmitbot_description) by extension 'ros'
[0.618s] DEBUG:colcon.colcon_core.package_identification:Package 'src/rmitbot_description' with type 'ros.ament_cmake' and name 'rmitbot_description'
[0.619s] Level 1:colcon.colcon_core.package_identification:_identify(src/rmitbot_firmware) by extensions ['ignore', 'ignore_ament_install']
[0.619s] Level 1:colcon.colcon_core.package_identification:_identify(src/rmitbot_firmware) by extension 'ignore'
[0.619s] Level 1:colcon.colcon_core.package_identification:_identify(src/rmitbot_firmware) by extension 'ignore_ament_install'
[0.619s] Level 1:colcon.colcon_core.package_identification:_identify(src/rmitbot_firmware) by extensions ['colcon_pkg']
[0.619s] Level 1:colcon.colcon_core.package_identification:_identify(src/rmitbot_firmware) by extension 'colcon_pkg'
[0.619s] Level 1:colcon.colcon_core.package_identification:_identify(src/rmitbot_firmware) by extensions ['colcon_meta']
[0.619s] Level 1:colcon.colcon_core.package_identification:_identify(src/rmitbot_firmware) by extension 'colcon_meta'
[0.619s] Level 1:colcon.colcon_core.package_identification:_identify(src/rmitbot_firmware) by extensions ['ros']
[0.619s] Level 1:colcon.colcon_core.package_identification:_identify(src/rmitbot_firmware) by extension 'ros'
[0.621s] DEBUG:colcon.colcon_core.package_identification:Package 'src/rmitbot_firmware' with type 'ros.ament_cmake' and name 'rmitbot_firmware'
[0.622s] Level 1:colcon.colcon_core.package_identification:_identify(src/rmitbot_localization) by extensions ['ignore', 'ignore_ament_install']
[0.622s] Level 1:colcon.colcon_core.package_identification:_identify(src/rmitbot_localization) by extension 'ignore'
[0.622s] Level 1:colcon.colcon_core.package_identification:_identify(src/rmitbot_localization) by extension 'ignore_ament_install'
[0.622s] Level 1:colcon.colcon_core.package_identification:_identify(src/rmitbot_localization) by extensions ['colcon_pkg']
[0.622s] Level 1:colcon.colcon_core.package_identification:_identify(src/rmitbot_localization) by extension 'colcon_pkg'
[0.622s] Level 1:colcon.colcon_core.package_identification:_identify(src/rmitbot_localization) by extensions ['colcon_meta']
[0.622s] Level 1:colcon.colcon_core.package_identification:_identify(src/rmitbot_localization) by extension 'colcon_meta'
[0.622s] Level 1:colcon.colcon_core.package_identification:_identify(src/rmitbot_localization) by extensions ['ros']
[0.622s] Level 1:colcon.colcon_core.package_identification:_identify(src/rmitbot_localization) by extension 'ros'
[0.623s] DEBUG:colcon.colcon_core.package_identification:Package 'src/rmitbot_localization' with type 'ros.ament_cmake' and name 'rmitbot_localization'
[0.624s] Level 1:colcon.colcon_core.package_identification:_identify(src/rmitbot_mapping) by extensions ['ignore', 'ignore_ament_install']
[0.624s] Level 1:colcon.colcon_core.package_identification:_identify(src/rmitbot_mapping) by extension 'ignore'
[0.624s] Level 1:colcon.colcon_core.package_identification:_identify(src/rmitbot_mapping) by extension 'ignore_ament_install'
[0.624s] Level 1:colcon.colcon_core.package_identification:_identify(src/rmitbot_mapping) by extensions ['colcon_pkg']
[0.624s] Level 1:colcon.colcon_core.package_identification:_identify(src/rmitbot_mapping) by extension 'colcon_pkg'
[0.624s] Level 1:colcon.colcon_core.package_identification:_identify(src/rmitbot_mapping) by extensions ['colcon_meta']
[0.624s] Level 1:colcon.colcon_core.package_identification:_identify(src/rmitbot_mapping) by extension 'colcon_meta'
[0.624s] Level 1:colcon.colcon_core.package_identification:_identify(src/rmitbot_mapping) by extensions ['ros']
[0.624s] Level 1:colcon.colcon_core.package_identification:_identify(src/rmitbot_mapping) by extension 'ros'
[0.625s] DEBUG:colcon.colcon_core.package_identification:Package 'src/rmitbot_mapping' with type 'ros.ament_cmake' and name 'rmitbot_mapping'
[0.626s] Level 1:colcon.colcon_core.package_identification:_identify(src/rmitbot_navigation) by extensions ['ignore', 'ignore_ament_install']
[0.626s] Level 1:colcon.colcon_core.package_identification:_identify(src/rmitbot_navigation) by extension 'ignore'
[0.626s] Level 1:colcon.colcon_core.package_identification:_identify(src/rmitbot_navigation) by extension 'ignore_ament_install'
[0.626s] Level 1:colcon.colcon_core.package_identification:_identify(src/rmitbot_navigation) by extensions ['colcon_pkg']
[0.626s] Level 1:colcon.colcon_core.package_identification:_identify(src/rmitbot_navigation) by extension 'colcon_pkg'
[0.626s] Level 1:colcon.colcon_core.package_identification:_identify(src/rmitbot_navigation) by extensions ['colcon_meta']
[0.626s] Level 1:colcon.colcon_core.package_identification:_identify(src/rmitbot_navigation) by extension 'colcon_meta'
[0.626s] Level 1:colcon.colcon_core.package_identification:_identify(src/rmitbot_navigation) by extensions ['ros']
[0.626s] Level 1:colcon.colcon_core.package_identification:_identify(src/rmitbot_navigation) by extension 'ros'
[0.627s] DEBUG:colcon.colcon_core.package_identification:Package 'src/rmitbot_navigation' with type 'ros.ament_cmake' and name 'rmitbot_navigation'
[0.627s] Level 1:colcon.colcon_core.package_discovery:discover_packages(recursive) using defaults
[0.627s] Level 1:colcon.colcon_core.package_discovery:discover_packages(ignore) discover
[0.628s] Level 1:colcon.colcon_core.package_discovery:discover_packages(ignore) using defaults
[0.628s] Level 1:colcon.colcon_core.package_discovery:discover_packages(path) discover
[0.628s] Level 1:colcon.colcon_core.package_discovery:discover_packages(path) using defaults
[0.675s] Level 1:colcon.colcon_core.package_discovery:discover_packages(prefix_path) check parameters
[0.675s] Level 1:colcon.colcon_core.package_discovery:discover_packages(prefix_path) discover
[0.681s] DEBUG:colcon.colcon_installed_package_information.package_discovery:Found 435 installed packages in /opt/ros/jazzy
[0.682s] Level 1:colcon.colcon_core.package_discovery:discover_packages(prefix_path) using defaults
[0.716s] Level 5:colcon.colcon_core.verb:set package 'rmitbot_bringup' build argument 'cmake_args' from command line to 'None'
[0.716s] Level 5:colcon.colcon_core.verb:set package 'rmitbot_bringup' build argument 'cmake_target' from command line to 'None'
[0.716s] Level 5:colcon.colcon_core.verb:set package 'rmitbot_bringup' build argument 'cmake_target_skip_unavailable' from command line to 'False'
[0.716s] Level 5:colcon.colcon_core.verb:set package 'rmitbot_bringup' build argument 'cmake_clean_cache' from command line to 'False'
[0.716s] Level 5:colcon.colcon_core.verb:set package 'rmitbot_bringup' build argument 'cmake_clean_first' from command line to 'False'
[0.716s] Level 5:colcon.colcon_core.verb:set package 'rmitbot_bringup' build argument 'cmake_force_configure' from command line to 'False'
[0.716s] Level 5:colcon.colcon_core.verb:set package 'rmitbot_bringup' build argument 'ament_cmake_args' from command line to 'None'
[0.716s] Level 5:colcon.colcon_core.verb:set package 'rmitbot_bringup' build argument 'catkin_cmake_args' from command line to 'None'
[0.716s] Level 5:colcon.colcon_core.verb:set package 'rmitbot_bringup' build argument 'catkin_skip_building_tests' from command line to 'False'
[0.716s] DEBUG:colcon.colcon_core.verb:Building package 'rmitbot_bringup' with the following arguments: {'ament_cmake_args': None, 'build_base': '/home/ntmkhoi/lesson10_ws/build/rmitbot_bringup', 'catkin_cmake_args': None, 'catkin_skip_building_tests': False, 'cmake_args': None, 'cmake_clean_cache': False, 'cmake_clean_first': False, 'cmake_force_configure': False, 'cmake_target': None, 'cmake_target_skip_unavailable': False, 'install_base': '/home/ntmkhoi/lesson10_ws/install/rmitbot_bringup', 'merge_install': False, 'path': '/home/ntmkhoi/lesson10_ws/src/rmitbot_bringup', 'symlink_install': False, 'test_result_base': None}
[0.716s] Level 5:colcon.colcon_core.verb:set package 'rmitbot_controller' build argument 'cmake_args' from command line to 'None'
[0.716s] Level 5:colcon.colcon_core.verb:set package 'rmitbot_controller' build argument 'cmake_target' from command line to 'None'
[0.716s] Level 5:colcon.colcon_core.verb:set package 'rmitbot_controller' build argument 'cmake_target_skip_unavailable' from command line to 'False'
[0.716s] Level 5:colcon.colcon_core.verb:set package 'rmitbot_controller' build argument 'cmake_clean_cache' from command line to 'False'
[0.716s] Level 5:colcon.colcon_core.verb:set package 'rmitbot_controller' build argument 'cmake_clean_first' from command line to 'False'
[0.716s] Level 5:colcon.colcon_core.verb:set package 'rmitbot_controller' build argument 'cmake_force_configure' from command line to 'False'
[0.716s] Level 5:colcon.colcon_core.verb:set package 'rmitbot_controller' build argument 'ament_cmake_args' from command line to 'None'
[0.716s] Level 5:colcon.colcon_core.verb:set package 'rmitbot_controller' build argument 'catkin_cmake_args' from command line to 'None'
[0.716s] Level 5:colcon.colcon_core.verb:set package 'rmitbot_controller' build argument 'catkin_skip_building_tests' from command line to 'False'
[0.716s] DEBUG:colcon.colcon_core.verb:Building package 'rmitbot_controller' with the following arguments: {'ament_cmake_args': None, 'build_base': '/home/ntmkhoi/lesson10_ws/build/rmitbot_controller', 'catkin_cmake_args': None, 'catkin_skip_building_tests': False, 'cmake_args': None, 'cmake_clean_cache': False, 'cmake_clean_first': False, 'cmake_force_configure': False, 'cmake_target': None, 'cmake_target_skip_unavailable': False, 'install_base': '/home/ntmkhoi/lesson10_ws/install/rmitbot_controller', 'merge_install': False, 'path': '/home/ntmkhoi/lesson10_ws/src/rmitbot_controller', 'symlink_install': False, 'test_result_base': None}
[0.716s] Level 5:colcon.colcon_core.verb:set package 'rmitbot_description' build argument 'cmake_args' from command line to 'None'
[0.716s] Level 5:colcon.colcon_core.verb:set package 'rmitbot_description' build argument 'cmake_target' from command line to 'None'
[0.716s] Level 5:colcon.colcon_core.verb:set package 'rmitbot_description' build argument 'cmake_target_skip_unavailable' from command line to 'False'
[0.716s] Level 5:colcon.colcon_core.verb:set package 'rmitbot_description' build argument 'cmake_clean_cache' from command line to 'False'
[0.716s] Level 5:colcon.colcon_core.verb:set package 'rmitbot_description' build argument 'cmake_clean_first' from command line to 'False'
[0.716s] Level 5:colcon.colcon_core.verb:set package 'rmitbot_description' build argument 'cmake_force_configure' from command line to 'False'
[0.716s] Level 5:colcon.colcon_core.verb:set package 'rmitbot_description' build argument 'ament_cmake_args' from command line to 'None'
[0.716s] Level 5:colcon.colcon_core.verb:set package 'rmitbot_description' build argument 'catkin_cmake_args' from command line to 'None'
[0.716s] Level 5:colcon.colcon_core.verb:set package 'rmitbot_description' build argument 'catkin_skip_building_tests' from command line to 'False'
[0.716s] DEBUG:colcon.colcon_core.verb:Building package 'rmitbot_description' with the following arguments: {'ament_cmake_args': None, 'build_base': '/home/ntmkhoi/lesson10_ws/build/rmitbot_description', 'catkin_cmake_args': None, 'catkin_skip_building_tests': False, 'cmake_args': None, 'cmake_clean_cache': False, 'cmake_clean_first': False, 'cmake_force_configure': False, 'cmake_target': None, 'cmake_target_skip_unavailable': False, 'install_base': '/home/ntmkhoi/lesson10_ws/install/rmitbot_description', 'merge_install': False, 'path': '/home/ntmkhoi/lesson10_ws/src/rmitbot_description', 'symlink_install': False, 'test_result_base': None}
[0.716s] Level 5:colcon.colcon_core.verb:set package 'rmitbot_firmware' build argument 'cmake_args' from command line to 'None'
[0.716s] Level 5:colcon.colcon_core.verb:set package 'rmitbot_firmware' build argument 'cmake_target' from command line to 'None'
[0.716s] Level 5:colcon.colcon_core.verb:set package 'rmitbot_firmware' build argument 'cmake_target_skip_unavailable' from command line to 'False'
[0.716s] Level 5:colcon.colcon_core.verb:set package 'rmitbot_firmware' build argument 'cmake_clean_cache' from command line to 'False'
[0.716s] Level 5:colcon.colcon_core.verb:set package 'rmitbot_firmware' build argument 'cmake_clean_first' from command line to 'False'
[0.716s] Level 5:colcon.colcon_core.verb:set package 'rmitbot_firmware' build argument 'cmake_force_configure' from command line to 'False'
[0.716s] Level 5:colcon.colcon_core.verb:set package 'rmitbot_firmware' build argument 'ament_cmake_args' from command line to 'None'
[0.716s] Level 5:colcon.colcon_core.verb:set package 'rmitbot_firmware' build argument 'catkin_cmake_args' from command line to 'None'
[0.716s] Level 5:colcon.colcon_core.verb:set package 'rmitbot_firmware' build argument 'catkin_skip_building_tests' from command line to 'False'
[0.717s] DEBUG:colcon.colcon_core.verb:Building package 'rmitbot_firmware' with the following arguments: {'ament_cmake_args': None, 'build_base': '/home/ntmkhoi/lesson10_ws/build/rmitbot_firmware', 'catkin_cmake_args': None, 'catkin_skip_building_tests': False, 'cmake_args': None, 'cmake_clean_cache': False, 'cmake_clean_first': False, 'cmake_force_configure': False, 'cmake_target': None, 'cmake_target_skip_unavailable': False, 'install_base': '/home/ntmkhoi/lesson10_ws/install/rmitbot_firmware', 'merge_install': False, 'path': '/home/ntmkhoi/lesson10_ws/src/rmitbot_firmware', 'symlink_install': False, 'test_result_base': None}
[0.717s] Level 5:colcon.colcon_core.verb:set package 'rmitbot_localization' build argument 'cmake_args' from command line to 'None'
[0.717s] Level 5:colcon.colcon_core.verb:set package 'rmitbot_localization' build argument 'cmake_target' from command line to 'None'
[0.717s] Level 5:colcon.colcon_core.verb:set package 'rmitbot_localization' build argument 'cmake_target_skip_unavailable' from command line to 'False'
[0.717s] Level 5:colcon.colcon_core.verb:set package 'rmitbot_localization' build argument 'cmake_clean_cache' from command line to 'False'
[0.717s] Level 5:colcon.colcon_core.verb:set package 'rmitbot_localization' build argument 'cmake_clean_first' from command line to 'False'
[0.717s] Level 5:colcon.colcon_core.verb:set package 'rmitbot_localization' build argument 'cmake_force_configure' from command line to 'False'
[0.717s] Level 5:colcon.colcon_core.verb:set package 'rmitbot_localization' build argument 'ament_cmake_args' from command line to 'None'
[0.717s] Level 5:colcon.colcon_core.verb:set package 'rmitbot_localization' build argument 'catkin_cmake_args' from command line to 'None'
[0.717s] Level 5:colcon.colcon_core.verb:set package 'rmitbot_localization' build argument 'catkin_skip_building_tests' from command line to 'False'
[0.717s] DEBUG:colcon.colcon_core.verb:Building package 'rmitbot_localization' with the following arguments: {'ament_cmake_args': None, 'build_base': '/home/ntmkhoi/lesson10_ws/build/rmitbot_localization', 'catkin_cmake_args': None, 'catkin_skip_building_tests': False, 'cmake_args': None, 'cmake_clean_cache': False, 'cmake_clean_first': False, 'cmake_force_configure': False, 'cmake_target': None, 'cmake_target_skip_unavailable': False, 'install_base': '/home/ntmkhoi/lesson10_ws/install/rmitbot_localization', 'merge_install': False, 'path': '/home/ntmkhoi/lesson10_ws/src/rmitbot_localization', 'symlink_install': False, 'test_result_base': None}
[0.717s] Level 5:colcon.colcon_core.verb:set package 'rmitbot_mapping' build argument 'cmake_args' from command line to 'None'
[0.717s] Level 5:colcon.colcon_core.verb:set package 'rmitbot_mapping' build argument 'cmake_target' from command line to 'None'
[0.717s] Level 5:colcon.colcon_core.verb:set package 'rmitbot_mapping' build argument 'cmake_target_skip_unavailable' from command line to 'False'
[0.717s] Level 5:colcon.colcon_core.verb:set package 'rmitbot_mapping' build argument 'cmake_clean_cache' from command line to 'False'
[0.717s] Level 5:colcon.colcon_core.verb:set package 'rmitbot_mapping' build argument 'cmake_clean_first' from command line to 'False'
[0.717s] Level 5:colcon.colcon_core.verb:set package 'rmitbot_mapping' build argument 'cmake_force_configure' from command line to 'False'
[0.717s] Level 5:colcon.colcon_core.verb:set package 'rmitbot_mapping' build argument 'ament_cmake_args' from command line to 'None'
[0.717s] Level 5:colcon.colcon_core.verb:set package 'rmitbot_mapping' build argument 'catkin_cmake_args' from command line to 'None'
[0.717s] Level 5:colcon.colcon_core.verb:set package 'rmitbot_mapping' build argument 'catkin_skip_building_tests' from command line to 'False'
[0.717s] DEBUG:colcon.colcon_core.verb:Building package 'rmitbot_mapping' with the following arguments: {'ament_cmake_args': None, 'build_base': '/home/ntmkhoi/lesson10_ws/build/rmitbot_mapping', 'catkin_cmake_args': None, 'catkin_skip_building_tests': False, 'cmake_args': None, 'cmake_clean_cache': False, 'cmake_clean_first': False, 'cmake_force_configure': False, 'cmake_target': None, 'cmake_target_skip_unavailable': False, 'install_base': '/home/ntmkhoi/lesson10_ws/install/rmitbot_mapping', 'merge_install': False, 'path': '/home/ntmkhoi/lesson10_ws/src/rmitbot_mapping', 'symlink_install': False, 'test_result_base': None}
[0.717s] Level 5:colcon.colcon_core.verb:set package 'rmitbot_navigation' build argument 'cmake_args' from command line to 'None'
[0.717s] Level 5:colcon.colcon_core.verb:set package 'rmitbot_navigation' build argument 'cmake_target' from command line to 'None'
[0.717s] Level 5:colcon.colcon_core.verb:set package 'rmitbot_navigation' build argument 'cmake_target_skip_unavailable' from command line to 'False'
[0.717s] Level 5:colcon.colcon_core.verb:set package 'rmitbot_navigation' build argument 'cmake_clean_cache' from command line to 'False'
[0.717s] Level 5:colcon.colcon_core.verb:set package 'rmitbot_navigation' build argument 'cmake_clean_first' from command line to 'False'
[0.717s] Level 5:colcon.colcon_core.verb:set package 'rmitbot_navigation' build argument 'cmake_force_configure' from command line to 'False'
[0.717s] Level 5:colcon.colcon_core.verb:set package 'rmitbot_navigation' build argument 'ament_cmake_args' from command line to 'None'
[0.717s] Level 5:colcon.colcon_core.verb:set package 'rmitbot_navigation' build argument 'catkin_cmake_args' from command line to 'None'
[0.717s] Level 5:colcon.colcon_core.verb:set package 'rmitbot_navigation' build argument 'catkin_skip_building_tests' from command line to 'False'
[0.717s] DEBUG:colcon.colcon_core.verb:Building package 'rmitbot_navigation' with the following arguments: {'ament_cmake_args': None, 'build_base': '/home/ntmkhoi/lesson10_ws/build/rmitbot_navigation', 'catkin_cmake_args': None, 'catkin_skip_building_tests': False, 'cmake_args': None, 'cmake_clean_cache': False, 'cmake_clean_first': False, 'cmake_force_configure': False, 'cmake_target': None, 'cmake_target_skip_unavailable': False, 'install_base': '/home/ntmkhoi/lesson10_ws/install/rmitbot_navigation', 'merge_install': False, 'path': '/home/ntmkhoi/lesson10_ws/src/rmitbot_navigation', 'symlink_install': False, 'test_result_base': None}
[0.717s] INFO:colcon.colcon_core.executor:Executing jobs using 'parallel' executor
[0.719s] DEBUG:colcon.colcon_parallel_executor.executor.parallel:run_until_complete
[0.720s] INFO:colcon.colcon_ros.task.ament_cmake.build:Building ROS package in '/home/ntmkhoi/lesson10_ws/src/rmitbot_bringup' with build type 'ament_cmake'
[0.720s] INFO:colcon.colcon_cmake.task.cmake.build:Building CMake package in '/home/ntmkhoi/lesson10_ws/src/rmitbot_bringup'
[0.735s] INFO:colcon.colcon_core.plugin_system:Skipping extension 'colcon_core.shell.bat': Not used on non-Windows systems
[0.735s] INFO:colcon.colcon_core.shell:Skip shell extension 'powershell' for command environment: Not usable outside of PowerShell
[0.735s] DEBUG:colcon.colcon_core.shell:Skip shell extension 'dsv' for command environment
[0.739s] INFO:colcon.colcon_ros.task.ament_cmake.build:Building ROS package in '/home/ntmkhoi/lesson10_ws/src/rmitbot_controller' with build type 'ament_cmake'
[0.739s] INFO:colcon.colcon_cmake.task.cmake.build:Building CMake package in '/home/ntmkhoi/lesson10_ws/src/rmitbot_controller'
[0.740s] INFO:colcon.colcon_core.shell:Skip shell extension 'powershell' for command environment: Not usable outside of PowerShell
[0.740s] DEBUG:colcon.colcon_core.shell:Skip shell extension 'dsv' for command environment
[0.743s] INFO:colcon.colcon_ros.task.ament_cmake.build:Building ROS package in '/home/ntmkhoi/lesson10_ws/src/rmitbot_description' with build type 'ament_cmake'
[0.743s] INFO:colcon.colcon_cmake.task.cmake.build:Building CMake package in '/home/ntmkhoi/lesson10_ws/src/rmitbot_description'
[0.743s] INFO:colcon.colcon_core.shell:Skip shell extension 'powershell' for command environment: Not usable outside of PowerShell
[0.743s] DEBUG:colcon.colcon_core.shell:Skip shell extension 'dsv' for command environment
[0.747s] INFO:colcon.colcon_ros.task.ament_cmake.build:Building ROS package in '/home/ntmkhoi/lesson10_ws/src/rmitbot_firmware' with build type 'ament_cmake'
[0.747s] INFO:colcon.colcon_cmake.task.cmake.build:Building CMake package in '/home/ntmkhoi/lesson10_ws/src/rmitbot_firmware'
[0.747s] INFO:colcon.colcon_core.shell:Skip shell extension 'powershell' for command environment: Not usable outside of PowerShell
[0.747s] DEBUG:colcon.colcon_core.shell:Skip shell extension 'dsv' for command environment
[0.777s] DEBUG:colcon.colcon_core.event_handler.log_command:Invoking command in '/home/ntmkhoi/lesson10_ws/build/rmitbot_bringup': CMAKE_PREFIX_PATH=${CMAKE_PREFIX_PATH}:/opt/ros/jazzy DEBUGINFOD_URLS=https://debuginfod.ubuntu.com /usr/bin/cmake /home/ntmkhoi/lesson10_ws/src/rmitbot_bringup -DCMAKE_INSTALL_PREFIX=/home/ntmkhoi/lesson10_ws/install/rmitbot_bringup
[0.779s] DEBUG:colcon.colcon_core.event_handler.log_command:Invoking command in '/home/ntmkhoi/lesson10_ws/build/rmitbot_controller': CMAKE_PREFIX_PATH=${CMAKE_PREFIX_PATH}:/opt/ros/jazzy DEBUGINFOD_URLS=https://debuginfod.ubuntu.com /usr/bin/cmake /home/ntmkhoi/lesson10_ws/src/rmitbot_controller -DCMAKE_INSTALL_PREFIX=/home/ntmkhoi/lesson10_ws/install/rmitbot_controller
[0.783s] DEBUG:colcon.colcon_core.event_handler.log_command:Invoking command in '/home/ntmkhoi/lesson10_ws/build/rmitbot_description': CMAKE_PREFIX_PATH=${CMAKE_PREFIX_PATH}:/opt/ros/jazzy DEBUGINFOD_URLS=https://debuginfod.ubuntu.com /usr/bin/cmake /home/ntmkhoi/lesson10_ws/src/rmitbot_description -DCMAKE_INSTALL_PREFIX=/home/ntmkhoi/lesson10_ws/install/rmitbot_description
[0.804s] DEBUG:colcon.colcon_core.event_handler.log_command:Invoking command in '/home/ntmkhoi/lesson10_ws/build/rmitbot_firmware': CMAKE_PREFIX_PATH=${CMAKE_PREFIX_PATH}:/opt/ros/jazzy DEBUGINFOD_URLS=https://debuginfod.ubuntu.com /usr/bin/cmake /home/ntmkhoi/lesson10_ws/src/rmitbot_firmware -DCMAKE_INSTALL_PREFIX=/home/ntmkhoi/lesson10_ws/install/rmitbot_firmware
[2.513s] DEBUG:colcon.colcon_core.event_handler.log_command:Invoked command in '/home/ntmkhoi/lesson10_ws/build/rmitbot_controller' returned '0': CMAKE_PREFIX_PATH=${CMAKE_PREFIX_PATH}:/opt/ros/jazzy DEBUGINFOD_URLS=https://debuginfod.ubuntu.com /usr/bin/cmake /home/ntmkhoi/lesson10_ws/src/rmitbot_controller -DCMAKE_INSTALL_PREFIX=/home/ntmkhoi/lesson10_ws/install/rmitbot_controller
[2.514s] DEBUG:colcon.colcon_core.event_handler.log_command:Invoking command in '/home/ntmkhoi/lesson10_ws/build/rmitbot_controller': CMAKE_PREFIX_PATH=${CMAKE_PREFIX_PATH}:/opt/ros/jazzy DEBUGINFOD_URLS=https://debuginfod.ubuntu.com /usr/bin/cmake --build /home/ntmkhoi/lesson10_ws/build/rmitbot_controller -- -j4 -l4
[2.517s] DEBUG:colcon.colcon_core.event_handler.log_command:Invoked command in '/home/ntmkhoi/lesson10_ws/build/rmitbot_bringup' returned '0': CMAKE_PREFIX_PATH=${CMAKE_PREFIX_PATH}:/opt/ros/jazzy DEBUGINFOD_URLS=https://debuginfod.ubuntu.com /usr/bin/cmake /home/ntmkhoi/lesson10_ws/src/rmitbot_bringup -DCMAKE_INSTALL_PREFIX=/home/ntmkhoi/lesson10_ws/install/rmitbot_bringup
[2.518s] DEBUG:colcon.colcon_core.event_handler.log_command:Invoking command in '/home/ntmkhoi/lesson10_ws/build/rmitbot_bringup': CMAKE_PREFIX_PATH=${CMAKE_PREFIX_PATH}:/opt/ros/jazzy DEBUGINFOD_URLS=https://debuginfod.ubuntu.com /usr/bin/cmake --build /home/ntmkhoi/lesson10_ws/build/rmitbot_bringup -- -j4 -l4
[2.565s] DEBUG:colcon.colcon_core.event_handler.log_command:Invoked command in '/home/ntmkhoi/lesson10_ws/build/rmitbot_description' returned '0': CMAKE_PREFIX_PATH=${CMAKE_PREFIX_PATH}:/opt/ros/jazzy DEBUGINFOD_URLS=https://debuginfod.ubuntu.com /usr/bin/cmake /home/ntmkhoi/lesson10_ws/src/rmitbot_description -DCMAKE_INSTALL_PREFIX=/home/ntmkhoi/lesson10_ws/install/rmitbot_description
[2.566s] DEBUG:colcon.colcon_core.event_handler.log_command:Invoking command in '/home/ntmkhoi/lesson10_ws/build/rmitbot_description': CMAKE_PREFIX_PATH=${CMAKE_PREFIX_PATH}:/opt/ros/jazzy DEBUGINFOD_URLS=https://debuginfod.ubuntu.com /usr/bin/cmake --build /home/ntmkhoi/lesson10_ws/build/rmitbot_description -- -j4 -l4
[2.596s] DEBUG:colcon.colcon_core.event_handler.log_command:Invoked command in '/home/ntmkhoi/lesson10_ws/build/rmitbot_bringup' returned '0': CMAKE_PREFIX_PATH=${CMAKE_PREFIX_PATH}:/opt/ros/jazzy DEBUGINFOD_URLS=https://debuginfod.ubuntu.com /usr/bin/cmake --build /home/ntmkhoi/lesson10_ws/build/rmitbot_bringup -- -j4 -l4
[2.627s] DEBUG:colcon.colcon_core.event_handler.log_command:Invoking command in '/home/ntmkhoi/lesson10_ws/build/rmitbot_bringup': CMAKE_PREFIX_PATH=${CMAKE_PREFIX_PATH}:/opt/ros/jazzy DEBUGINFOD_URLS=https://debuginfod.ubuntu.com /usr/bin/cmake --install /home/ntmkhoi/lesson10_ws/build/rmitbot_bringup
[2.634s] DEBUG:colcon.colcon_core.event_handler.log_command:Invoked command in '/home/ntmkhoi/lesson10_ws/build/rmitbot_controller' returned '0': CMAKE_PREFIX_PATH=${CMAKE_PREFIX_PATH}:/opt/ros/jazzy DEBUGINFOD_URLS=https://debuginfod.ubuntu.com /usr/bin/cmake --build /home/ntmkhoi/lesson10_ws/build/rmitbot_controller -- -j4 -l4
[2.635s] DEBUG:colcon.colcon_core.event_handler.log_command:Invoking command in '/home/ntmkhoi/lesson10_ws/build/rmitbot_controller': CMAKE_PREFIX_PATH=${CMAKE_PREFIX_PATH}:/opt/ros/jazzy DEBUGINFOD_URLS=https://debuginfod.ubuntu.com /usr/bin/cmake --install /home/ntmkhoi/lesson10_ws/build/rmitbot_controller
[2.647s] Level 1:colcon.colcon_core.environment:create_environment_scripts_only(rmitbot_bringup)
[2.648s] DEBUG:colcon.colcon_core.event_handler.log_command:Invoked command in '/home/ntmkhoi/lesson10_ws/build/rmitbot_bringup' returned '0': CMAKE_PREFIX_PATH=${CMAKE_PREFIX_PATH}:/opt/ros/jazzy DEBUGINFOD_URLS=https://debuginfod.ubuntu.com /usr/bin/cmake --install /home/ntmkhoi/lesson10_ws/build/rmitbot_bringup
[2.672s] Level 1:colcon.colcon_core.environment:checking '/home/ntmkhoi/lesson10_ws/install/rmitbot_bringup' for CMake module files
[2.673s] Level 1:colcon.colcon_core.environment:checking '/home/ntmkhoi/lesson10_ws/install/rmitbot_bringup' for CMake config files
[2.673s] Level 1:colcon.colcon_core.shell:create_environment_hook('rmitbot_bringup', 'cmake_prefix_path')
[2.673s] INFO:colcon.colcon_core.shell:Creating environment hook '/home/ntmkhoi/lesson10_ws/install/rmitbot_bringup/share/rmitbot_bringup/hook/cmake_prefix_path.ps1'
[2.675s] INFO:colcon.colcon_core.shell:Creating environment descriptor '/home/ntmkhoi/lesson10_ws/install/rmitbot_bringup/share/rmitbot_bringup/hook/cmake_prefix_path.dsv'
[2.677s] INFO:colcon.colcon_core.shell:Creating environment hook '/home/ntmkhoi/lesson10_ws/install/rmitbot_bringup/share/rmitbot_bringup/hook/cmake_prefix_path.sh'
[2.678s] Level 1:colcon.colcon_core.environment:checking '/home/ntmkhoi/lesson10_ws/install/rmitbot_bringup/bin'
[2.678s] Level 1:colcon.colcon_core.environment:checking '/home/ntmkhoi/lesson10_ws/install/rmitbot_bringup/lib/pkgconfig/rmitbot_bringup.pc'
[2.678s] Level 1:colcon.colcon_core.environment:checking '/home/ntmkhoi/lesson10_ws/install/rmitbot_bringup/lib/python3.12/site-packages'
[2.679s] Level 1:colcon.colcon_core.environment:checking '/home/ntmkhoi/lesson10_ws/install/rmitbot_bringup/bin'
[2.679s] INFO:colcon.colcon_core.shell:Creating package script '/home/ntmkhoi/lesson10_ws/install/rmitbot_bringup/share/rmitbot_bringup/package.ps1'
[2.681s] INFO:colcon.colcon_core.shell:Creating package descriptor '/home/ntmkhoi/lesson10_ws/install/rmitbot_bringup/share/rmitbot_bringup/package.dsv'
[2.682s] INFO:colcon.colcon_core.shell:Creating package script '/home/ntmkhoi/lesson10_ws/install/rmitbot_bringup/share/rmitbot_bringup/package.sh'
[2.683s] INFO:colcon.colcon_core.shell:Creating package script '/home/ntmkhoi/lesson10_ws/install/rmitbot_bringup/share/rmitbot_bringup/package.bash'
[2.684s] INFO:colcon.colcon_core.shell:Creating package script '/home/ntmkhoi/lesson10_ws/install/rmitbot_bringup/share/rmitbot_bringup/package.zsh'
[2.685s] Level 1:colcon.colcon_core.environment:create_file_with_runtime_dependencies(/home/ntmkhoi/lesson10_ws/install/rmitbot_bringup/share/colcon-core/packages/rmitbot_bringup)
[2.686s] Level 1:colcon.colcon_core.environment:create_environment_scripts_only(rmitbot_bringup)
[2.686s] Level 1:colcon.colcon_core.environment:checking '/home/ntmkhoi/lesson10_ws/install/rmitbot_bringup' for CMake module files
[2.686s] Level 1:colcon.colcon_core.environment:checking '/home/ntmkhoi/lesson10_ws/install/rmitbot_bringup' for CMake config files
[2.687s] Level 1:colcon.colcon_core.shell:create_environment_hook('rmitbot_bringup', 'cmake_prefix_path')
[2.687s] INFO:colcon.colcon_core.shell:Creating environment hook '/home/ntmkhoi/lesson10_ws/install/rmitbot_bringup/share/rmitbot_bringup/hook/cmake_prefix_path.ps1'
[2.687s] INFO:colcon.colcon_core.shell:Creating environment descriptor '/home/ntmkhoi/lesson10_ws/install/rmitbot_bringup/share/rmitbot_bringup/hook/cmake_prefix_path.dsv'
[2.687s] INFO:colcon.colcon_core.shell:Creating environment hook '/home/ntmkhoi/lesson10_ws/install/rmitbot_bringup/share/rmitbot_bringup/hook/cmake_prefix_path.sh'
[2.689s] Level 1:colcon.colcon_core.environment:checking '/home/ntmkhoi/lesson10_ws/install/rmitbot_bringup/bin'
[2.689s] Level 1:colcon.colcon_core.environment:checking '/home/ntmkhoi/lesson10_ws/install/rmitbot_bringup/lib/pkgconfig/rmitbot_bringup.pc'
[2.689s] Level 1:colcon.colcon_core.environment:checking '/home/ntmkhoi/lesson10_ws/install/rmitbot_bringup/lib/python3.12/site-packages'
[2.689s] Level 1:colcon.colcon_core.environment:checking '/home/ntmkhoi/lesson10_ws/install/rmitbot_bringup/bin'
[2.689s] INFO:colcon.colcon_core.shell:Creating package script '/home/ntmkhoi/lesson10_ws/install/rmitbot_bringup/share/rmitbot_bringup/package.ps1'
[2.690s] INFO:colcon.colcon_core.shell:Creating package descriptor '/home/ntmkhoi/lesson10_ws/install/rmitbot_bringup/share/rmitbot_bringup/package.dsv'
[2.690s] INFO:colcon.colcon_core.shell:Creating package script '/home/ntmkhoi/lesson10_ws/install/rmitbot_bringup/share/rmitbot_bringup/package.sh'
[2.691s] INFO:colcon.colcon_core.shell:Creating package script '/home/ntmkhoi/lesson10_ws/install/rmitbot_bringup/share/rmitbot_bringup/package.bash'
[2.691s] INFO:colcon.colcon_core.shell:Creating package script '/home/ntmkhoi/lesson10_ws/install/rmitbot_bringup/share/rmitbot_bringup/package.zsh'
[2.692s] Level 1:colcon.colcon_core.environment:create_file_with_runtime_dependencies(/home/ntmkhoi/lesson10_ws/install/rmitbot_bringup/share/colcon-core/packages/rmitbot_bringup)
[2.692s] INFO:colcon.colcon_ros.task.ament_cmake.build:Building ROS package in '/home/ntmkhoi/lesson10_ws/src/rmitbot_localization' with build type 'ament_cmake'
[2.693s] INFO:colcon.colcon_cmake.task.cmake.build:Building CMake package in '/home/ntmkhoi/lesson10_ws/src/rmitbot_localization'
[2.693s] INFO:colcon.colcon_core.shell:Skip shell extension 'powershell' for command environment: Not usable outside of PowerShell
[2.693s] DEBUG:colcon.colcon_core.shell:Skip shell extension 'dsv' for command environment
[2.700s] DEBUG:colcon.colcon_core.event_handler.log_command:Invoking command in '/home/ntmkhoi/lesson10_ws/build/rmitbot_localization': CMAKE_PREFIX_PATH=${CMAKE_PREFIX_PATH}:/opt/ros/jazzy DEBUGINFOD_URLS=https://debuginfod.ubuntu.com /usr/bin/cmake /home/ntmkhoi/lesson10_ws/src/rmitbot_localization -DCMAKE_INSTALL_PREFIX=/home/ntmkhoi/lesson10_ws/install/rmitbot_localization
[2.702s] Level 1:colcon.colcon_core.environment:create_environment_scripts_only(rmitbot_controller)
[2.702s] Level 1:colcon.colcon_core.environment:checking '/home/ntmkhoi/lesson10_ws/install/rmitbot_controller' for CMake module files
[2.703s] Level 1:colcon.colcon_core.environment:checking '/home/ntmkhoi/lesson10_ws/install/rmitbot_controller' for CMake config files
[2.703s] Level 1:colcon.colcon_core.shell:create_environment_hook('rmitbot_controller', 'cmake_prefix_path')
[2.703s] INFO:colcon.colcon_core.shell:Creating environment hook '/home/ntmkhoi/lesson10_ws/install/rmitbot_controller/share/rmitbot_controller/hook/cmake_prefix_path.ps1'
[2.703s] INFO:colcon.colcon_core.shell:Creating environment descriptor '/home/ntmkhoi/lesson10_ws/install/rmitbot_controller/share/rmitbot_controller/hook/cmake_prefix_path.dsv'
[2.703s] INFO:colcon.colcon_core.shell:Creating environment hook '/home/ntmkhoi/lesson10_ws/install/rmitbot_controller/share/rmitbot_controller/hook/cmake_prefix_path.sh'
[2.706s] Level 1:colcon.colcon_core.environment:checking '/home/ntmkhoi/lesson10_ws/install/rmitbot_controller/bin'
[2.707s] Level 1:colcon.colcon_core.environment:checking '/home/ntmkhoi/lesson10_ws/install/rmitbot_controller/lib/pkgconfig/rmitbot_controller.pc'
[2.707s] Level 1:colcon.colcon_core.environment:checking '/home/ntmkhoi/lesson10_ws/install/rmitbot_controller/lib/python3.12/site-packages'
[2.707s] Level 1:colcon.colcon_core.environment:checking '/home/ntmkhoi/lesson10_ws/install/rmitbot_controller/bin'
[2.707s] INFO:colcon.colcon_core.shell:Creating package script '/home/ntmkhoi/lesson10_ws/install/rmitbot_controller/share/rmitbot_controller/package.ps1'
[2.707s] INFO:colcon.colcon_core.shell:Creating package descriptor '/home/ntmkhoi/lesson10_ws/install/rmitbot_controller/share/rmitbot_controller/package.dsv'
[2.708s] INFO:colcon.colcon_core.shell:Creating package script '/home/ntmkhoi/lesson10_ws/install/rmitbot_controller/share/rmitbot_controller/package.sh'
[2.715s] INFO:colcon.colcon_core.shell:Creating package script '/home/ntmkhoi/lesson10_ws/install/rmitbot_controller/share/rmitbot_controller/package.bash'
[2.716s] INFO:colcon.colcon_core.shell:Creating package script '/home/ntmkhoi/lesson10_ws/install/rmitbot_controller/share/rmitbot_controller/package.zsh'
[2.717s] Level 1:colcon.colcon_core.environment:create_file_with_runtime_dependencies(/home/ntmkhoi/lesson10_ws/install/rmitbot_controller/share/colcon-core/packages/rmitbot_controller)
[2.719s] Level 1:colcon.colcon_core.environment:create_environment_scripts_only(rmitbot_controller)
[2.719s] Level 1:colcon.colcon_core.environment:checking '/home/ntmkhoi/lesson10_ws/install/rmitbot_controller' for CMake module files
[2.721s] Level 1:colcon.colcon_core.environment:checking '/home/ntmkhoi/lesson10_ws/install/rmitbot_controller' for CMake config files
[2.722s] DEBUG:colcon.colcon_core.event_handler.log_command:Invoked command in '/home/ntmkhoi/lesson10_ws/build/rmitbot_controller' returned '0': CMAKE_PREFIX_PATH=${CMAKE_PREFIX_PATH}:/opt/ros/jazzy DEBUGINFOD_URLS=https://debuginfod.ubuntu.com /usr/bin/cmake --install /home/ntmkhoi/lesson10_ws/build/rmitbot_controller
[2.725s] Level 1:colcon.colcon_core.shell:create_environment_hook('rmitbot_controller', 'cmake_prefix_path')
[2.725s] INFO:colcon.colcon_core.shell:Creating environment hook '/home/ntmkhoi/lesson10_ws/install/rmitbot_controller/share/rmitbot_controller/hook/cmake_prefix_path.ps1'
[2.726s] INFO:colcon.colcon_core.shell:Creating environment descriptor '/home/ntmkhoi/lesson10_ws/install/rmitbot_controller/share/rmitbot_controller/hook/cmake_prefix_path.dsv'
[2.726s] INFO:colcon.colcon_core.shell:Creating environment hook '/home/ntmkhoi/lesson10_ws/install/rmitbot_controller/share/rmitbot_controller/hook/cmake_prefix_path.sh'
[2.727s] Level 1:colcon.colcon_core.environment:checking '/home/ntmkhoi/lesson10_ws/install/rmitbot_controller/bin'
[2.727s] Level 1:colcon.colcon_core.environment:checking '/home/ntmkhoi/lesson10_ws/install/rmitbot_controller/lib/pkgconfig/rmitbot_controller.pc'
[2.727s] Level 1:colcon.colcon_core.environment:checking '/home/ntmkhoi/lesson10_ws/install/rmitbot_controller/lib/python3.12/site-packages'
[2.727s] Level 1:colcon.colcon_core.environment:checking '/home/ntmkhoi/lesson10_ws/install/rmitbot_controller/bin'
[2.727s] INFO:colcon.colcon_core.shell:Creating package script '/home/ntmkhoi/lesson10_ws/install/rmitbot_controller/share/rmitbot_controller/package.ps1'
[2.728s] INFO:colcon.colcon_core.shell:Creating package descriptor '/home/ntmkhoi/lesson10_ws/install/rmitbot_controller/share/rmitbot_controller/package.dsv'
[2.732s] INFO:colcon.colcon_core.shell:Creating package script '/home/ntmkhoi/lesson10_ws/install/rmitbot_controller/share/rmitbot_controller/package.sh'
[2.732s] INFO:colcon.colcon_core.shell:Creating package script '/home/ntmkhoi/lesson10_ws/install/rmitbot_controller/share/rmitbot_controller/package.bash'
[2.733s] INFO:colcon.colcon_core.shell:Creating package script '/home/ntmkhoi/lesson10_ws/install/rmitbot_controller/share/rmitbot_controller/package.zsh'
[2.733s] Level 1:colcon.colcon_core.environment:create_file_with_runtime_dependencies(/home/ntmkhoi/lesson10_ws/install/rmitbot_controller/share/colcon-core/packages/rmitbot_controller)
[2.742s] INFO:colcon.colcon_ros.task.ament_cmake.build:Building ROS package in '/home/ntmkhoi/lesson10_ws/src/rmitbot_mapping' with build type 'ament_cmake'
[2.742s] INFO:colcon.colcon_cmake.task.cmake.build:Building CMake package in '/home/ntmkhoi/lesson10_ws/src/rmitbot_mapping'
[2.742s] INFO:colcon.colcon_core.shell:Skip shell extension 'powershell' for command environment: Not usable outside of PowerShell
[2.742s] DEBUG:colcon.colcon_core.shell:Skip shell extension 'dsv' for command environment
[2.746s] DEBUG:colcon.colcon_core.event_handler.log_command:Invoked command in '/home/ntmkhoi/lesson10_ws/build/rmitbot_description' returned '0': CMAKE_PREFIX_PATH=${CMAKE_PREFIX_PATH}:/opt/ros/jazzy DEBUGINFOD_URLS=https://debuginfod.ubuntu.com /usr/bin/cmake --build /home/ntmkhoi/lesson10_ws/build/rmitbot_description -- -j4 -l4
[2.747s] DEBUG:colcon.colcon_core.event_handler.log_command:Invoking command in '/home/ntmkhoi/lesson10_ws/build/rmitbot_description': CMAKE_PREFIX_PATH=${CMAKE_PREFIX_PATH}:/opt/ros/jazzy DEBUGINFOD_URLS=https://debuginfod.ubuntu.com /usr/bin/cmake --install /home/ntmkhoi/lesson10_ws/build/rmitbot_description
[2.766s] DEBUG:colcon.colcon_core.event_handler.log_command:Invoking command in '/home/ntmkhoi/lesson10_ws/build/rmitbot_mapping': CMAKE_PREFIX_PATH=${CMAKE_PREFIX_PATH}:/opt/ros/jazzy DEBUGINFOD_URLS=https://debuginfod.ubuntu.com /usr/bin/cmake /home/ntmkhoi/lesson10_ws/src/rmitbot_mapping -DCMAKE_INSTALL_PREFIX=/home/ntmkhoi/lesson10_ws/install/rmitbot_mapping
[2.947s] Level 1:colcon.colcon_core.environment:create_environment_scripts_only(rmitbot_description)
[2.948s] Level 1:colcon.colcon_core.environment:checking '/home/ntmkhoi/lesson10_ws/install/rmitbot_description' for CMake module files
[2.948s] DEBUG:colcon.colcon_core.event_handler.log_command:Invoked command in '/home/ntmkhoi/lesson10_ws/build/rmitbot_description' returned '0': CMAKE_PREFIX_PATH=${CMAKE_PREFIX_PATH}:/opt/ros/jazzy DEBUGINFOD_URLS=https://debuginfod.ubuntu.com /usr/bin/cmake --install /home/ntmkhoi/lesson10_ws/build/rmitbot_description
[2.948s] Level 1:colcon.colcon_core.environment:checking '/home/ntmkhoi/lesson10_ws/install/rmitbot_description' for CMake config files
[2.949s] Level 1:colcon.colcon_core.shell:create_environment_hook('rmitbot_description', 'cmake_prefix_path')
[2.949s] INFO:colcon.colcon_core.shell:Creating environment hook '/home/ntmkhoi/lesson10_ws/install/rmitbot_description/share/rmitbot_description/hook/cmake_prefix_path.ps1'
[2.949s] INFO:colcon.colcon_core.shell:Creating environment descriptor '/home/ntmkhoi/lesson10_ws/install/rmitbot_description/share/rmitbot_description/hook/cmake_prefix_path.dsv'
[2.949s] INFO:colcon.colcon_core.shell:Creating environment hook '/home/ntmkhoi/lesson10_ws/install/rmitbot_description/share/rmitbot_description/hook/cmake_prefix_path.sh'
[2.950s] Level 1:colcon.colcon_core.environment:checking '/home/ntmkhoi/lesson10_ws/install/rmitbot_description/bin'
[2.950s] Level 1:colcon.colcon_core.environment:checking '/home/ntmkhoi/lesson10_ws/install/rmitbot_description/lib/pkgconfig/rmitbot_description.pc'
[2.950s] Level 1:colcon.colcon_core.environment:checking '/home/ntmkhoi/lesson10_ws/install/rmitbot_description/lib/python3.12/site-packages'
[2.950s] Level 1:colcon.colcon_core.environment:checking '/home/ntmkhoi/lesson10_ws/install/rmitbot_description/bin'
[2.950s] INFO:colcon.colcon_core.shell:Creating package script '/home/ntmkhoi/lesson10_ws/install/rmitbot_description/share/rmitbot_description/package.ps1'
[2.951s] INFO:colcon.colcon_core.shell:Creating package descriptor '/home/ntmkhoi/lesson10_ws/install/rmitbot_description/share/rmitbot_description/package.dsv'
[2.951s] INFO:colcon.colcon_core.shell:Creating package script '/home/ntmkhoi/lesson10_ws/install/rmitbot_description/share/rmitbot_description/package.sh'
[2.951s] INFO:colcon.colcon_core.shell:Creating package script '/home/ntmkhoi/lesson10_ws/install/rmitbot_description/share/rmitbot_description/package.bash'
[2.952s] INFO:colcon.colcon_core.shell:Creating package script '/home/ntmkhoi/lesson10_ws/install/rmitbot_description/share/rmitbot_description/package.zsh'
[2.952s] Level 1:colcon.colcon_core.environment:create_file_with_runtime_dependencies(/home/ntmkhoi/lesson10_ws/install/rmitbot_description/share/colcon-core/packages/rmitbot_description)
[2.952s] Level 1:colcon.colcon_core.environment:create_environment_scripts_only(rmitbot_description)
[2.952s] Level 1:colcon.colcon_core.environment:checking '/home/ntmkhoi/lesson10_ws/install/rmitbot_description' for CMake module files
[2.953s] Level 1:colcon.colcon_core.environment:checking '/home/ntmkhoi/lesson10_ws/install/rmitbot_description' for CMake config files
[2.953s] Level 1:colcon.colcon_core.shell:create_environment_hook('rmitbot_description', 'cmake_prefix_path')
[2.953s] INFO:colcon.colcon_core.shell:Creating environment hook '/home/ntmkhoi/lesson10_ws/install/rmitbot_description/share/rmitbot_description/hook/cmake_prefix_path.ps1'
[2.953s] INFO:colcon.colcon_core.shell:Creating environment descriptor '/home/ntmkhoi/lesson10_ws/install/rmitbot_description/share/rmitbot_description/hook/cmake_prefix_path.dsv'
[2.954s] INFO:colcon.colcon_core.shell:Creating environment hook '/home/ntmkhoi/lesson10_ws/install/rmitbot_description/share/rmitbot_description/hook/cmake_prefix_path.sh'
[2.954s] Level 1:colcon.colcon_core.environment:checking '/home/ntmkhoi/lesson10_ws/install/rmitbot_description/bin'
[2.954s] Level 1:colcon.colcon_core.environment:checking '/home/ntmkhoi/lesson10_ws/install/rmitbot_description/lib/pkgconfig/rmitbot_description.pc'
[2.954s] Level 1:colcon.colcon_core.environment:checking '/home/ntmkhoi/lesson10_ws/install/rmitbot_description/lib/python3.12/site-packages'
[2.955s] Level 1:colcon.colcon_core.environment:checking '/home/ntmkhoi/lesson10_ws/install/rmitbot_description/bin'
[2.955s] INFO:colcon.colcon_core.shell:Creating package script '/home/ntmkhoi/lesson10_ws/install/rmitbot_description/share/rmitbot_description/package.ps1'
[2.955s] INFO:colcon.colcon_core.shell:Creating package descriptor '/home/ntmkhoi/lesson10_ws/install/rmitbot_description/share/rmitbot_description/package.dsv'
[2.956s] INFO:colcon.colcon_core.shell:Creating package script '/home/ntmkhoi/lesson10_ws/install/rmitbot_description/share/rmitbot_description/package.sh'
[2.956s] INFO:colcon.colcon_core.shell:Creating package script '/home/ntmkhoi/lesson10_ws/install/rmitbot_description/share/rmitbot_description/package.bash'
[2.956s] INFO:colcon.colcon_core.shell:Creating package script '/home/ntmkhoi/lesson10_ws/install/rmitbot_description/share/rmitbot_description/package.zsh'
[2.960s] Level 1:colcon.colcon_core.environment:create_file_with_runtime_dependencies(/home/ntmkhoi/lesson10_ws/install/rmitbot_description/share/colcon-core/packages/rmitbot_description)
[2.961s] INFO:colcon.colcon_ros.task.ament_cmake.build:Building ROS package in '/home/ntmkhoi/lesson10_ws/src/rmitbot_navigation' with build type 'ament_cmake'
[2.963s] INFO:colcon.colcon_cmake.task.cmake.build:Building CMake package in '/home/ntmkhoi/lesson10_ws/src/rmitbot_navigation'
[2.963s] INFO:colcon.colcon_core.shell:Skip shell extension 'powershell' for command environment: Not usable outside of PowerShell
[2.963s] DEBUG:colcon.colcon_core.shell:Skip shell extension 'dsv' for command environment
[3.003s] DEBUG:colcon.colcon_core.event_handler.log_command:Invoking command in '/home/ntmkhoi/lesson10_ws/build/rmitbot_navigation': CMAKE_PREFIX_PATH=${CMAKE_PREFIX_PATH}:/opt/ros/jazzy DEBUGINFOD_URLS=https://debuginfod.ubuntu.com /usr/bin/cmake /home/ntmkhoi/lesson10_ws/src/rmitbot_navigation -DCMAKE_INSTALL_PREFIX=/home/ntmkhoi/lesson10_ws/install/rmitbot_navigation
[3.896s] DEBUG:colcon.colcon_core.event_handler.log_command:Invoked command in '/home/ntmkhoi/lesson10_ws/build/rmitbot_mapping' returned '0': CMAKE_PREFIX_PATH=${CMAKE_PREFIX_PATH}:/opt/ros/jazzy DEBUGINFOD_URLS=https://debuginfod.ubuntu.com /usr/bin/cmake /home/ntmkhoi/lesson10_ws/src/rmitbot_mapping -DCMAKE_INSTALL_PREFIX=/home/ntmkhoi/lesson10_ws/install/rmitbot_mapping
[3.897s] DEBUG:colcon.colcon_core.event_handler.log_command:Invoking command in '/home/ntmkhoi/lesson10_ws/build/rmitbot_mapping': CMAKE_PREFIX_PATH=${CMAKE_PREFIX_PATH}:/opt/ros/jazzy DEBUGINFOD_URLS=https://debuginfod.ubuntu.com /usr/bin/cmake --build /home/ntmkhoi/lesson10_ws/build/rmitbot_mapping -- -j4 -l4
[3.965s] DEBUG:colcon.colcon_core.event_handler.log_command:Invoked command in '/home/ntmkhoi/lesson10_ws/build/rmitbot_mapping' returned '0': CMAKE_PREFIX_PATH=${CMAKE_PREFIX_PATH}:/opt/ros/jazzy DEBUGINFOD_URLS=https://debuginfod.ubuntu.com /usr/bin/cmake --build /home/ntmkhoi/lesson10_ws/build/rmitbot_mapping -- -j4 -l4
[3.970s] DEBUG:colcon.colcon_core.event_handler.log_command:Invoking command in '/home/ntmkhoi/lesson10_ws/build/rmitbot_mapping': CMAKE_PREFIX_PATH=${CMAKE_PREFIX_PATH}:/opt/ros/jazzy DEBUGINFOD_URLS=https://debuginfod.ubuntu.com /usr/bin/cmake --install /home/ntmkhoi/lesson10_ws/build/rmitbot_mapping
[3.985s] Level 1:colcon.colcon_core.environment:create_environment_scripts_only(rmitbot_mapping)
[3.985s] Level 1:colcon.colcon_core.environment:checking '/home/ntmkhoi/lesson10_ws/install/rmitbot_mapping' for CMake module files
[3.986s] Level 1:colcon.colcon_core.environment:checking '/home/ntmkhoi/lesson10_ws/install/rmitbot_mapping' for CMake config files
[3.986s] Level 1:colcon.colcon_core.shell:create_environment_hook('rmitbot_mapping', 'cmake_prefix_path')
[3.986s] INFO:colcon.colcon_core.shell:Creating environment hook '/home/ntmkhoi/lesson10_ws/install/rmitbot_mapping/share/rmitbot_mapping/hook/cmake_prefix_path.ps1'
[3.987s] INFO:colcon.colcon_core.shell:Creating environment descriptor '/home/ntmkhoi/lesson10_ws/install/rmitbot_mapping/share/rmitbot_mapping/hook/cmake_prefix_path.dsv'
[3.988s] INFO:colcon.colcon_core.shell:Creating environment hook '/home/ntmkhoi/lesson10_ws/install/rmitbot_mapping/share/rmitbot_mapping/hook/cmake_prefix_path.sh'
[3.988s] Level 1:colcon.colcon_core.environment:checking '/home/ntmkhoi/lesson10_ws/install/rmitbot_mapping/bin'
[3.988s] DEBUG:colcon.colcon_core.event_handler.log_command:Invoked command in '/home/ntmkhoi/lesson10_ws/build/rmitbot_mapping' returned '0': CMAKE_PREFIX_PATH=${CMAKE_PREFIX_PATH}:/opt/ros/jazzy DEBUGINFOD_URLS=https://debuginfod.ubuntu.com /usr/bin/cmake --install /home/ntmkhoi/lesson10_ws/build/rmitbot_mapping
[3.989s] Level 1:colcon.colcon_core.environment:checking '/home/ntmkhoi/lesson10_ws/install/rmitbot_mapping/lib/pkgconfig/rmitbot_mapping.pc'
[3.989s] Level 1:colcon.colcon_core.environment:checking '/home/ntmkhoi/lesson10_ws/install/rmitbot_mapping/lib/python3.12/site-packages'
[3.990s] Level 1:colcon.colcon_core.environment:checking '/home/ntmkhoi/lesson10_ws/install/rmitbot_mapping/bin'
[3.990s] INFO:colcon.colcon_core.shell:Creating package script '/home/ntmkhoi/lesson10_ws/install/rmitbot_mapping/share/rmitbot_mapping/package.ps1'
[3.991s] INFO:colcon.colcon_core.shell:Creating package descriptor '/home/ntmkhoi/lesson10_ws/install/rmitbot_mapping/share/rmitbot_mapping/package.dsv'
[3.992s] INFO:colcon.colcon_core.shell:Creating package script '/home/ntmkhoi/lesson10_ws/install/rmitbot_mapping/share/rmitbot_mapping/package.sh'
[3.993s] INFO:colcon.colcon_core.shell:Creating package script '/home/ntmkhoi/lesson10_ws/install/rmitbot_mapping/share/rmitbot_mapping/package.bash'
[3.993s] INFO:colcon.colcon_core.shell:Creating package script '/home/ntmkhoi/lesson10_ws/install/rmitbot_mapping/share/rmitbot_mapping/package.zsh'
[3.993s] Level 1:colcon.colcon_core.environment:create_file_with_runtime_dependencies(/home/ntmkhoi/lesson10_ws/install/rmitbot_mapping/share/colcon-core/packages/rmitbot_mapping)
[3.993s] Level 1:colcon.colcon_core.environment:create_environment_scripts_only(rmitbot_mapping)
[3.994s] Level 1:colcon.colcon_core.environment:checking '/home/ntmkhoi/lesson10_ws/install/rmitbot_mapping' for CMake module files
[3.994s] Level 1:colcon.colcon_core.environment:checking '/home/ntmkhoi/lesson10_ws/install/rmitbot_mapping' for CMake config files
[3.994s] Level 1:colcon.colcon_core.shell:create_environment_hook('rmitbot_mapping', 'cmake_prefix_path')
[3.994s] INFO:colcon.colcon_core.shell:Creating environment hook '/home/ntmkhoi/lesson10_ws/install/rmitbot_mapping/share/rmitbot_mapping/hook/cmake_prefix_path.ps1'
[3.995s] INFO:colcon.colcon_core.shell:Creating environment descriptor '/home/ntmkhoi/lesson10_ws/install/rmitbot_mapping/share/rmitbot_mapping/hook/cmake_prefix_path.dsv'
[3.995s] INFO:colcon.colcon_core.shell:Creating environment hook '/home/ntmkhoi/lesson10_ws/install/rmitbot_mapping/share/rmitbot_mapping/hook/cmake_prefix_path.sh'
[3.996s] Level 1:colcon.colcon_core.environment:checking '/home/ntmkhoi/lesson10_ws/install/rmitbot_mapping/bin'
[3.996s] Level 1:colcon.colcon_core.environment:checking '/home/ntmkhoi/lesson10_ws/install/rmitbot_mapping/lib/pkgconfig/rmitbot_mapping.pc'
[3.996s] Level 1:colcon.colcon_core.environment:checking '/home/ntmkhoi/lesson10_ws/install/rmitbot_mapping/lib/python3.12/site-packages'
[3.996s] Level 1:colcon.colcon_core.environment:checking '/home/ntmkhoi/lesson10_ws/install/rmitbot_mapping/bin'
[3.996s] INFO:colcon.colcon_core.shell:Creating package script '/home/ntmkhoi/lesson10_ws/install/rmitbot_mapping/share/rmitbot_mapping/package.ps1'
[3.997s] INFO:colcon.colcon_core.shell:Creating package descriptor '/home/ntmkhoi/lesson10_ws/install/rmitbot_mapping/share/rmitbot_mapping/package.dsv'
[3.997s] INFO:colcon.colcon_core.shell:Creating package script '/home/ntmkhoi/lesson10_ws/install/rmitbot_mapping/share/rmitbot_mapping/package.sh'
[3.998s] INFO:colcon.colcon_core.shell:Creating package script '/home/ntmkhoi/lesson10_ws/install/rmitbot_mapping/share/rmitbot_mapping/package.bash'
[3.998s] INFO:colcon.colcon_core.shell:Creating package script '/home/ntmkhoi/lesson10_ws/install/rmitbot_mapping/share/rmitbot_mapping/package.zsh'
[3.998s] Level 1:colcon.colcon_core.environment:create_file_with_runtime_dependencies(/home/ntmkhoi/lesson10_ws/install/rmitbot_mapping/share/colcon-core/packages/rmitbot_mapping)
[4.233s] DEBUG:colcon.colcon_core.event_handler.log_command:Invoked command in '/home/ntmkhoi/lesson10_ws/build/rmitbot_navigation' returned '0': CMAKE_PREFIX_PATH=${CMAKE_PREFIX_PATH}:/opt/ros/jazzy DEBUGINFOD_URLS=https://debuginfod.ubuntu.com /usr/bin/cmake /home/ntmkhoi/lesson10_ws/src/rmitbot_navigation -DCMAKE_INSTALL_PREFIX=/home/ntmkhoi/lesson10_ws/install/rmitbot_navigation
[4.233s] DEBUG:colcon.colcon_core.event_handler.log_command:Invoking command in '/home/ntmkhoi/lesson10_ws/build/rmitbot_navigation': CMAKE_PREFIX_PATH=${CMAKE_PREFIX_PATH}:/opt/ros/jazzy DEBUGINFOD_URLS=https://debuginfod.ubuntu.com /usr/bin/cmake --build /home/ntmkhoi/lesson10_ws/build/rmitbot_navigation -- -j4 -l4
[4.290s] DEBUG:colcon.colcon_core.event_handler.log_command:Invoked command in '/home/ntmkhoi/lesson10_ws/build/rmitbot_navigation' returned '0': CMAKE_PREFIX_PATH=${CMAKE_PREFIX_PATH}:/opt/ros/jazzy DEBUGINFOD_URLS=https://debuginfod.ubuntu.com /usr/bin/cmake --build /home/ntmkhoi/lesson10_ws/build/rmitbot_navigation -- -j4 -l4
[4.291s] DEBUG:colcon.colcon_core.event_handler.log_command:Invoking command in '/home/ntmkhoi/lesson10_ws/build/rmitbot_navigation': CMAKE_PREFIX_PATH=${CMAKE_PREFIX_PATH}:/opt/ros/jazzy DEBUGINFOD_URLS=https://debuginfod.ubuntu.com /usr/bin/cmake --install /home/ntmkhoi/lesson10_ws/build/rmitbot_navigation
[4.312s] Level 1:colcon.colcon_core.environment:create_environment_scripts_only(rmitbot_navigation)
[4.313s] Level 1:colcon.colcon_core.environment:checking '/home/ntmkhoi/lesson10_ws/install/rmitbot_navigation' for CMake module files
[4.313s] DEBUG:colcon.colcon_core.event_handler.log_command:Invoked command in '/home/ntmkhoi/lesson10_ws/build/rmitbot_navigation' returned '0': CMAKE_PREFIX_PATH=${CMAKE_PREFIX_PATH}:/opt/ros/jazzy DEBUGINFOD_URLS=https://debuginfod.ubuntu.com /usr/bin/cmake --install /home/ntmkhoi/lesson10_ws/build/rmitbot_navigation
[4.314s] Level 1:colcon.colcon_core.environment:checking '/home/ntmkhoi/lesson10_ws/install/rmitbot_navigation' for CMake config files
[4.314s] Level 1:colcon.colcon_core.shell:create_environment_hook('rmitbot_navigation', 'cmake_prefix_path')
[4.314s] INFO:colcon.colcon_core.shell:Creating environment hook '/home/ntmkhoi/lesson10_ws/install/rmitbot_navigation/share/rmitbot_navigation/hook/cmake_prefix_path.ps1'
[4.314s] INFO:colcon.colcon_core.shell:Creating environment descriptor '/home/ntmkhoi/lesson10_ws/install/rmitbot_navigation/share/rmitbot_navigation/hook/cmake_prefix_path.dsv'
[4.314s] INFO:colcon.colcon_core.shell:Creating environment hook '/home/ntmkhoi/lesson10_ws/install/rmitbot_navigation/share/rmitbot_navigation/hook/cmake_prefix_path.sh'
[4.315s] Level 1:colcon.colcon_core.environment:checking '/home/ntmkhoi/lesson10_ws/install/rmitbot_navigation/bin'
[4.315s] Level 1:colcon.colcon_core.environment:checking '/home/ntmkhoi/lesson10_ws/install/rmitbot_navigation/lib/pkgconfig/rmitbot_navigation.pc'
[4.315s] Level 1:colcon.colcon_core.environment:checking '/home/ntmkhoi/lesson10_ws/install/rmitbot_navigation/lib/python3.12/site-packages'
[4.315s] Level 1:colcon.colcon_core.environment:checking '/home/ntmkhoi/lesson10_ws/install/rmitbot_navigation/bin'
[4.315s] INFO:colcon.colcon_core.shell:Creating package script '/home/ntmkhoi/lesson10_ws/install/rmitbot_navigation/share/rmitbot_navigation/package.ps1'
[4.316s] INFO:colcon.colcon_core.shell:Creating package descriptor '/home/ntmkhoi/lesson10_ws/install/rmitbot_navigation/share/rmitbot_navigation/package.dsv'
[4.316s] INFO:colcon.colcon_core.shell:Creating package script '/home/ntmkhoi/lesson10_ws/install/rmitbot_navigation/share/rmitbot_navigation/package.sh'
[4.317s] INFO:colcon.colcon_core.shell:Creating package script '/home/ntmkhoi/lesson10_ws/install/rmitbot_navigation/share/rmitbot_navigation/package.bash'
[4.317s] INFO:colcon.colcon_core.shell:Creating package script '/home/ntmkhoi/lesson10_ws/install/rmitbot_navigation/share/rmitbot_navigation/package.zsh'
[4.317s] Level 1:colcon.colcon_core.environment:create_file_with_runtime_dependencies(/home/ntmkhoi/lesson10_ws/install/rmitbot_navigation/share/colcon-core/packages/rmitbot_navigation)
[4.318s] Level 1:colcon.colcon_core.environment:create_environment_scripts_only(rmitbot_navigation)
[4.318s] Level 1:colcon.colcon_core.environment:checking '/home/ntmkhoi/lesson10_ws/install/rmitbot_navigation' for CMake module files
[4.318s] Level 1:colcon.colcon_core.environment:checking '/home/ntmkhoi/lesson10_ws/install/rmitbot_navigation' for CMake config files
[4.318s] Level 1:colcon.colcon_core.shell:create_environment_hook('rmitbot_navigation', 'cmake_prefix_path')
[4.318s] INFO:colcon.colcon_core.shell:Creating environment hook '/home/ntmkhoi/lesson10_ws/install/rmitbot_navigation/share/rmitbot_navigation/hook/cmake_prefix_path.ps1'
[4.319s] INFO:colcon.colcon_core.shell:Creating environment descriptor '/home/ntmkhoi/lesson10_ws/install/rmitbot_navigation/share/rmitbot_navigation/hook/cmake_prefix_path.dsv'
[4.319s] INFO:colcon.colcon_core.shell:Creating environment hook '/home/ntmkhoi/lesson10_ws/install/rmitbot_navigation/share/rmitbot_navigation/hook/cmake_prefix_path.sh'
[4.320s] Level 1:colcon.colcon_core.environment:checking '/home/ntmkhoi/lesson10_ws/install/rmitbot_navigation/bin'
[4.320s] Level 1:colcon.colcon_core.environment:checking '/home/ntmkhoi/lesson10_ws/install/rmitbot_navigation/lib/pkgconfig/rmitbot_navigation.pc'
[4.320s] Level 1:colcon.colcon_core.environment:checking '/home/ntmkhoi/lesson10_ws/install/rmitbot_navigation/lib/python3.12/site-packages'
[4.320s] Level 1:colcon.colcon_core.environment:checking '/home/ntmkhoi/lesson10_ws/install/rmitbot_navigation/bin'
[4.320s] INFO:colcon.colcon_core.shell:Creating package script '/home/ntmkhoi/lesson10_ws/install/rmitbot_navigation/share/rmitbot_navigation/package.ps1'
[4.321s] INFO:colcon.colcon_core.shell:Creating package descriptor '/home/ntmkhoi/lesson10_ws/install/rmitbot_navigation/share/rmitbot_navigation/package.dsv'
[4.321s] INFO:colcon.colcon_core.shell:Creating package script '/home/ntmkhoi/lesson10_ws/install/rmitbot_navigation/share/rmitbot_navigation/package.sh'
[4.322s] INFO:colcon.colcon_core.shell:Creating package script '/home/ntmkhoi/lesson10_ws/install/rmitbot_navigation/share/rmitbot_navigation/package.bash'
[4.322s] INFO:colcon.colcon_core.shell:Creating package script '/home/ntmkhoi/lesson10_ws/install/rmitbot_navigation/share/rmitbot_navigation/package.zsh'
[4.323s] Level 1:colcon.colcon_core.environment:create_file_with_runtime_dependencies(/home/ntmkhoi/lesson10_ws/install/rmitbot_navigation/share/colcon-core/packages/rmitbot_navigation)
[4.420s] DEBUG:colcon.colcon_core.event_handler.log_command:Invoked command in '/home/ntmkhoi/lesson10_ws/build/rmitbot_localization' returned '0': CMAKE_PREFIX_PATH=${CMAKE_PREFIX_PATH}:/opt/ros/jazzy DEBUGINFOD_URLS=https://debuginfod.ubuntu.com /usr/bin/cmake /home/ntmkhoi/lesson10_ws/src/rmitbot_localization -DCMAKE_INSTALL_PREFIX=/home/ntmkhoi/lesson10_ws/install/rmitbot_localization
[4.421s] DEBUG:colcon.colcon_core.event_handler.log_command:Invoking command in '/home/ntmkhoi/lesson10_ws/build/rmitbot_localization': CMAKE_PREFIX_PATH=${CMAKE_PREFIX_PATH}:/opt/ros/jazzy DEBUGINFOD_URLS=https://debuginfod.ubuntu.com /usr/bin/cmake --build /home/ntmkhoi/lesson10_ws/build/rmitbot_localization -- -j4 -l4
[4.492s] DEBUG:colcon.colcon_core.event_handler.log_command:Invoked command in '/home/ntmkhoi/lesson10_ws/build/rmitbot_localization' returned '0': CMAKE_PREFIX_PATH=${CMAKE_PREFIX_PATH}:/opt/ros/jazzy DEBUGINFOD_URLS=https://debuginfod.ubuntu.com /usr/bin/cmake --build /home/ntmkhoi/lesson10_ws/build/rmitbot_localization -- -j4 -l4
[4.493s] DEBUG:colcon.colcon_core.event_handler.log_command:Invoking command in '/home/ntmkhoi/lesson10_ws/build/rmitbot_localization': CMAKE_PREFIX_PATH=${CMAKE_PREFIX_PATH}:/opt/ros/jazzy DEBUGINFOD_URLS=https://debuginfod.ubuntu.com /usr/bin/cmake --install /home/ntmkhoi/lesson10_ws/build/rmitbot_localization
[4.505s] Level 1:colcon.colcon_core.environment:create_environment_scripts_only(rmitbot_localization)
[4.505s] Level 1:colcon.colcon_core.environment:checking '/home/ntmkhoi/lesson10_ws/install/rmitbot_localization' for CMake module files
[4.505s] Level 1:colcon.colcon_core.environment:checking '/home/ntmkhoi/lesson10_ws/install/rmitbot_localization' for CMake config files
[4.506s] DEBUG:colcon.colcon_core.event_handler.log_command:Invoked command in '/home/ntmkhoi/lesson10_ws/build/rmitbot_localization' returned '0': CMAKE_PREFIX_PATH=${CMAKE_PREFIX_PATH}:/opt/ros/jazzy DEBUGINFOD_URLS=https://debuginfod.ubuntu.com /usr/bin/cmake --install /home/ntmkhoi/lesson10_ws/build/rmitbot_localization
[4.506s] Level 1:colcon.colcon_core.shell:create_environment_hook('rmitbot_localization', 'cmake_prefix_path')
[4.506s] INFO:colcon.colcon_core.shell:Creating environment hook '/home/ntmkhoi/lesson10_ws/install/rmitbot_localization/share/rmitbot_localization/hook/cmake_prefix_path.ps1'
[4.507s] INFO:colcon.colcon_core.shell:Creating environment descriptor '/home/ntmkhoi/lesson10_ws/install/rmitbot_localization/share/rmitbot_localization/hook/cmake_prefix_path.dsv'
[4.507s] INFO:colcon.colcon_core.shell:Creating environment hook '/home/ntmkhoi/lesson10_ws/install/rmitbot_localization/share/rmitbot_localization/hook/cmake_prefix_path.sh'
[4.508s] Level 1:colcon.colcon_core.environment:checking '/home/ntmkhoi/lesson10_ws/install/rmitbot_localization/bin'
[4.508s] Level 1:colcon.colcon_core.environment:checking '/home/ntmkhoi/lesson10_ws/install/rmitbot_localization/lib/pkgconfig/rmitbot_localization.pc'
[4.508s] Level 1:colcon.colcon_core.environment:checking '/home/ntmkhoi/lesson10_ws/install/rmitbot_localization/lib/python3.12/site-packages'
[4.508s] Level 1:colcon.colcon_core.environment:checking '/home/ntmkhoi/lesson10_ws/install/rmitbot_localization/bin'
[4.508s] INFO:colcon.colcon_core.shell:Creating package script '/home/ntmkhoi/lesson10_ws/install/rmitbot_localization/share/rmitbot_localization/package.ps1'
[4.509s] INFO:colcon.colcon_core.shell:Creating package descriptor '/home/ntmkhoi/lesson10_ws/install/rmitbot_localization/share/rmitbot_localization/package.dsv'
[4.509s] INFO:colcon.colcon_core.shell:Creating package script '/home/ntmkhoi/lesson10_ws/install/rmitbot_localization/share/rmitbot_localization/package.sh'
[4.510s] INFO:colcon.colcon_core.shell:Creating package script '/home/ntmkhoi/lesson10_ws/install/rmitbot_localization/share/rmitbot_localization/package.bash'
[4.510s] INFO:colcon.colcon_core.shell:Creating package script '/home/ntmkhoi/lesson10_ws/install/rmitbot_localization/share/rmitbot_localization/package.zsh'
[4.510s] Level 1:colcon.colcon_core.environment:create_file_with_runtime_dependencies(/home/ntmkhoi/lesson10_ws/install/rmitbot_localization/share/colcon-core/packages/rmitbot_localization)
[4.511s] Level 1:colcon.colcon_core.environment:create_environment_scripts_only(rmitbot_localization)
[4.511s] Level 1:colcon.colcon_core.environment:checking '/home/ntmkhoi/lesson10_ws/install/rmitbot_localization' for CMake module files
[4.512s] Level 1:colcon.colcon_core.environment:checking '/home/ntmkhoi/lesson10_ws/install/rmitbot_localization' for CMake config files
[4.512s] Level 1:colcon.colcon_core.shell:create_environment_hook('rmitbot_localization', 'cmake_prefix_path')
[4.512s] INFO:colcon.colcon_core.shell:Creating environment hook '/home/ntmkhoi/lesson10_ws/install/rmitbot_localization/share/rmitbot_localization/hook/cmake_prefix_path.ps1'
[4.512s] INFO:colcon.colcon_core.shell:Creating environment descriptor '/home/ntmkhoi/lesson10_ws/install/rmitbot_localization/share/rmitbot_localization/hook/cmake_prefix_path.dsv'
[4.513s] INFO:colcon.colcon_core.shell:Creating environment hook '/home/ntmkhoi/lesson10_ws/install/rmitbot_localization/share/rmitbot_localization/hook/cmake_prefix_path.sh'
[4.514s] Level 1:colcon.colcon_core.environment:checking '/home/ntmkhoi/lesson10_ws/install/rmitbot_localization/bin'
[4.514s] Level 1:colcon.colcon_core.environment:checking '/home/ntmkhoi/lesson10_ws/install/rmitbot_localization/lib/pkgconfig/rmitbot_localization.pc'
[4.514s] Level 1:colcon.colcon_core.environment:checking '/home/ntmkhoi/lesson10_ws/install/rmitbot_localization/lib/python3.12/site-packages'
[4.514s] Level 1:colcon.colcon_core.environment:checking '/home/ntmkhoi/lesson10_ws/install/rmitbot_localization/bin'
[4.514s] INFO:colcon.colcon_core.shell:Creating package script '/home/ntmkhoi/lesson10_ws/install/rmitbot_localization/share/rmitbot_localization/package.ps1'
[4.515s] INFO:colcon.colcon_core.shell:Creating package descriptor '/home/ntmkhoi/lesson10_ws/install/rmitbot_localization/share/rmitbot_localization/package.dsv'
[4.516s] INFO:colcon.colcon_core.shell:Creating package script '/home/ntmkhoi/lesson10_ws/install/rmitbot_localization/share/rmitbot_localization/package.sh'
[4.516s] INFO:colcon.colcon_core.shell:Creating package script '/home/ntmkhoi/lesson10_ws/install/rmitbot_localization/share/rmitbot_localization/package.bash'
[4.517s] INFO:colcon.colcon_core.shell:Creating package script '/home/ntmkhoi/lesson10_ws/install/rmitbot_localization/share/rmitbot_localization/package.zsh'
[4.517s] Level 1:colcon.colcon_core.environment:create_file_with_runtime_dependencies(/home/ntmkhoi/lesson10_ws/install/rmitbot_localization/share/colcon-core/packages/rmitbot_localization)
[4.818s] DEBUG:colcon.colcon_core.event_handler.log_command:Invoked command in '/home/ntmkhoi/lesson10_ws/build/rmitbot_firmware' returned '0': CMAKE_PREFIX_PATH=${CMAKE_PREFIX_PATH}:/opt/ros/jazzy DEBUGINFOD_URLS=https://debuginfod.ubuntu.com /usr/bin/cmake /home/ntmkhoi/lesson10_ws/src/rmitbot_firmware -DCMAKE_INSTALL_PREFIX=/home/ntmkhoi/lesson10_ws/install/rmitbot_firmware
[4.819s] DEBUG:colcon.colcon_core.event_handler.log_command:Invoking command in '/home/ntmkhoi/lesson10_ws/build/rmitbot_firmware': CMAKE_PREFIX_PATH=${CMAKE_PREFIX_PATH}:/opt/ros/jazzy DEBUGINFOD_URLS=https://debuginfod.ubuntu.com /usr/bin/cmake --build /home/ntmkhoi/lesson10_ws/build/rmitbot_firmware -- -j4 -l4
[10.915s] DEBUG:colcon.colcon_core.event_handler.log_command:Invoked command in '/home/ntmkhoi/lesson10_ws/build/rmitbot_firmware' returned '0': CMAKE_PREFIX_PATH=${CMAKE_PREFIX_PATH}:/opt/ros/jazzy DEBUGINFOD_URLS=https://debuginfod.ubuntu.com /usr/bin/cmake --build /home/ntmkhoi/lesson10_ws/build/rmitbot_firmware -- -j4 -l4
[10.916s] DEBUG:colcon.colcon_core.event_handler.log_command:Invoking command in '/home/ntmkhoi/lesson10_ws/build/rmitbot_firmware': CMAKE_PREFIX_PATH=${CMAKE_PREFIX_PATH}:/opt/ros/jazzy DEBUGINFOD_URLS=https://debuginfod.ubuntu.com /usr/bin/cmake --install /home/ntmkhoi/lesson10_ws/build/rmitbot_firmware
[10.937s] Level 1:colcon.colcon_core.environment:create_environment_scripts_only(rmitbot_firmware)
[10.937s] Level 1:colcon.colcon_core.environment:checking '/home/ntmkhoi/lesson10_ws/install/rmitbot_firmware' for CMake module files
[10.938s] DEBUG:colcon.colcon_core.event_handler.log_command:Invoked command in '/home/ntmkhoi/lesson10_ws/build/rmitbot_firmware' returned '0': CMAKE_PREFIX_PATH=${CMAKE_PREFIX_PATH}:/opt/ros/jazzy DEBUGINFOD_URLS=https://debuginfod.ubuntu.com /usr/bin/cmake --install /home/ntmkhoi/lesson10_ws/build/rmitbot_firmware
[10.938s] Level 1:colcon.colcon_core.environment:checking '/home/ntmkhoi/lesson10_ws/install/rmitbot_firmware' for CMake config files
[10.938s] Level 1:colcon.colcon_core.shell:create_environment_hook('rmitbot_firmware', 'cmake_prefix_path')
[10.938s] INFO:colcon.colcon_core.shell:Creating environment hook '/home/ntmkhoi/lesson10_ws/install/rmitbot_firmware/share/rmitbot_firmware/hook/cmake_prefix_path.ps1'
[10.939s] INFO:colcon.colcon_core.shell:Creating environment descriptor '/home/ntmkhoi/lesson10_ws/install/rmitbot_firmware/share/rmitbot_firmware/hook/cmake_prefix_path.dsv'
[10.939s] INFO:colcon.colcon_core.shell:Creating environment hook '/home/ntmkhoi/lesson10_ws/install/rmitbot_firmware/share/rmitbot_firmware/hook/cmake_prefix_path.sh'
[10.939s] Level 1:colcon.colcon_core.environment:checking '/home/ntmkhoi/lesson10_ws/install/rmitbot_firmware/lib'
[10.939s] Level 1:colcon.colcon_core.shell:create_environment_hook('rmitbot_firmware', 'ld_library_path_lib')
[10.939s] INFO:colcon.colcon_core.shell:Creating environment hook '/home/ntmkhoi/lesson10_ws/install/rmitbot_firmware/share/rmitbot_firmware/hook/ld_library_path_lib.ps1'
[10.940s] INFO:colcon.colcon_core.shell:Creating environment descriptor '/home/ntmkhoi/lesson10_ws/install/rmitbot_firmware/share/rmitbot_firmware/hook/ld_library_path_lib.dsv'
[10.940s] INFO:colcon.colcon_core.shell:Creating environment hook '/home/ntmkhoi/lesson10_ws/install/rmitbot_firmware/share/rmitbot_firmware/hook/ld_library_path_lib.sh'
[10.940s] Level 1:colcon.colcon_core.environment:checking '/home/ntmkhoi/lesson10_ws/install/rmitbot_firmware/bin'
[10.940s] Level 1:colcon.colcon_core.environment:checking '/home/ntmkhoi/lesson10_ws/install/rmitbot_firmware/lib/pkgconfig/rmitbot_firmware.pc'
[10.940s] Level 1:colcon.colcon_core.environment:checking '/home/ntmkhoi/lesson10_ws/install/rmitbot_firmware/lib/python3.12/site-packages'
[10.940s] Level 1:colcon.colcon_core.environment:checking '/home/ntmkhoi/lesson10_ws/install/rmitbot_firmware/bin'
[10.940s] INFO:colcon.colcon_core.shell:Creating package script '/home/ntmkhoi/lesson10_ws/install/rmitbot_firmware/share/rmitbot_firmware/package.ps1'
[10.941s] INFO:colcon.colcon_core.shell:Creating package descriptor '/home/ntmkhoi/lesson10_ws/install/rmitbot_firmware/share/rmitbot_firmware/package.dsv'
[10.941s] INFO:colcon.colcon_core.shell:Creating package script '/home/ntmkhoi/lesson10_ws/install/rmitbot_firmware/share/rmitbot_firmware/package.sh'
[10.941s] INFO:colcon.colcon_core.shell:Creating package script '/home/ntmkhoi/lesson10_ws/install/rmitbot_firmware/share/rmitbot_firmware/package.bash'
[10.942s] INFO:colcon.colcon_core.shell:Creating package script '/home/ntmkhoi/lesson10_ws/install/rmitbot_firmware/share/rmitbot_firmware/package.zsh'
[10.942s] Level 1:colcon.colcon_core.environment:create_file_with_runtime_dependencies(/home/ntmkhoi/lesson10_ws/install/rmitbot_firmware/share/colcon-core/packages/rmitbot_firmware)
[10.942s] Level 1:colcon.colcon_core.environment:create_environment_scripts_only(rmitbot_firmware)
[10.942s] Level 1:colcon.colcon_core.environment:checking '/home/ntmkhoi/lesson10_ws/install/rmitbot_firmware' for CMake module files
[10.942s] Level 1:colcon.colcon_core.environment:checking '/home/ntmkhoi/lesson10_ws/install/rmitbot_firmware' for CMake config files
[10.943s] Level 1:colcon.colcon_core.shell:create_environment_hook('rmitbot_firmware', 'cmake_prefix_path')
[10.943s] INFO:colcon.colcon_core.shell:Creating environment hook '/home/ntmkhoi/lesson10_ws/install/rmitbot_firmware/share/rmitbot_firmware/hook/cmake_prefix_path.ps1'
[10.943s] INFO:colcon.colcon_core.shell:Creating environment descriptor '/home/ntmkhoi/lesson10_ws/install/rmitbot_firmware/share/rmitbot_firmware/hook/cmake_prefix_path.dsv'
[10.944s] INFO:colcon.colcon_core.shell:Creating environment hook '/home/ntmkhoi/lesson10_ws/install/rmitbot_firmware/share/rmitbot_firmware/hook/cmake_prefix_path.sh'
[10.944s] Level 1:colcon.colcon_core.environment:checking '/home/ntmkhoi/lesson10_ws/install/rmitbot_firmware/lib'
[10.944s] Level 1:colcon.colcon_core.shell:create_environment_hook('rmitbot_firmware', 'ld_library_path_lib')
[10.944s] INFO:colcon.colcon_core.shell:Creating environment hook '/home/ntmkhoi/lesson10_ws/install/rmitbot_firmware/share/rmitbot_firmware/hook/ld_library_path_lib.ps1'
[10.945s] INFO:colcon.colcon_core.shell:Creating environment descriptor '/home/ntmkhoi/lesson10_ws/install/rmitbot_firmware/share/rmitbot_firmware/hook/ld_library_path_lib.dsv'
[10.945s] INFO:colcon.colcon_core.shell:Creating environment hook '/home/ntmkhoi/lesson10_ws/install/rmitbot_firmware/share/rmitbot_firmware/hook/ld_library_path_lib.sh'
[10.945s] Level 1:colcon.colcon_core.environment:checking '/home/ntmkhoi/lesson10_ws/install/rmitbot_firmware/bin'
[10.946s] Level 1:colcon.colcon_core.environment:checking '/home/ntmkhoi/lesson10_ws/install/rmitbot_firmware/lib/pkgconfig/rmitbot_firmware.pc'
[10.946s] Level 1:colcon.colcon_core.environment:checking '/home/ntmkhoi/lesson10_ws/install/rmitbot_firmware/lib/python3.12/site-packages'
[10.946s] Level 1:colcon.colcon_core.environment:checking '/home/ntmkhoi/lesson10_ws/install/rmitbot_firmware/bin'
[10.946s] INFO:colcon.colcon_core.shell:Creating package script '/home/ntmkhoi/lesson10_ws/install/rmitbot_firmware/share/rmitbot_firmware/package.ps1'
[10.946s] INFO:colcon.colcon_core.shell:Creating package descriptor '/home/ntmkhoi/lesson10_ws/install/rmitbot_firmware/share/rmitbot_firmware/package.dsv'
[10.947s] INFO:colcon.colcon_core.shell:Creating package script '/home/ntmkhoi/lesson10_ws/install/rmitbot_firmware/share/rmitbot_firmware/package.sh'
[10.948s] INFO:colcon.colcon_core.shell:Creating package script '/home/ntmkhoi/lesson10_ws/install/rmitbot_firmware/share/rmitbot_firmware/package.bash'
[10.948s] INFO:colcon.colcon_core.shell:Creating package script '/home/ntmkhoi/lesson10_ws/install/rmitbot_firmware/share/rmitbot_firmware/package.zsh'
[10.948s] Level 1:colcon.colcon_core.environment:create_file_with_runtime_dependencies(/home/ntmkhoi/lesson10_ws/install/rmitbot_firmware/share/colcon-core/packages/rmitbot_firmware)
[10.949s] DEBUG:colcon.colcon_parallel_executor.executor.parallel:closing loop
[10.949s] DEBUG:colcon.colcon_parallel_executor.executor.parallel:loop closed
[10.949s] DEBUG:colcon.colcon_parallel_executor.executor.parallel:run_until_complete finished with '0'
[10.950s] DEBUG:colcon.colcon_core.event_reactor:joining thread
[10.978s] INFO:colcon.colcon_core.plugin_system:Skipping extension 'colcon_notification.desktop_notification.terminal_notifier': Not used on non-Darwin systems
[10.978s] INFO:colcon.colcon_core.plugin_system:Skipping extension 'colcon_notification.desktop_notification.win32': Not used on non-Windows systems
[10.978s] INFO:colcon.colcon_notification.desktop_notification:Sending desktop notification using 'notify2'
[11.008s] DEBUG:colcon.colcon_core.event_reactor:joined thread
[11.008s] INFO:colcon.colcon_core.shell:Creating prefix script '/home/ntmkhoi/lesson10_ws/install/local_setup.ps1'
[11.010s] INFO:colcon.colcon_core.shell:Creating prefix util module '/home/ntmkhoi/lesson10_ws/install/_local_setup_util_ps1.py'
[11.011s] INFO:colcon.colcon_core.shell:Creating prefix chain script '/home/ntmkhoi/lesson10_ws/install/setup.ps1'
[11.013s] INFO:colcon.colcon_core.shell:Creating prefix script '/home/ntmkhoi/lesson10_ws/install/local_setup.sh'
[11.014s] INFO:colcon.colcon_core.shell:Creating prefix util module '/home/ntmkhoi/lesson10_ws/install/_local_setup_util_sh.py'
[11.014s] INFO:colcon.colcon_core.shell:Creating prefix chain script '/home/ntmkhoi/lesson10_ws/install/setup.sh'
[11.015s] INFO:colcon.colcon_core.shell:Creating prefix script '/home/ntmkhoi/lesson10_ws/install/local_setup.bash'
[11.016s] INFO:colcon.colcon_core.shell:Creating prefix chain script '/home/ntmkhoi/lesson10_ws/install/setup.bash'
[11.027s] INFO:colcon.colcon_core.shell:Creating prefix script '/home/ntmkhoi/lesson10_ws/install/local_setup.zsh'
[11.053s] INFO:colcon.colcon_core.shell:Creating prefix chain script '/home/ntmkhoi/lesson10_ws/install/setup.zsh'
